INFO: [SIM 2] *************** CSIM start ***************
INFO: [SIM 4] CSIM will launch GCC as the compiler.
   Compiling ../../../../poly1305_tb.cpp in debug mode
   Generating csim.exe
41 6e 79 20 73 75 62 6d 69 73 73 69 6f 6e 20 74 01 
41 6e 79 20 73 75 62 6d 69 73 73 69 6f 6e 20 74 01 
b6 66 b3 b0 f0 9f e9 b7 06 92 6c c1 26 fe f6 df 3a 89 f6 48 da 97 09 47 e1 29 a4 e8 89 40 1d 15 00 
3c 92 e7 8b c1 9d b5 50 60 c6 39 24 d3 8e 5b fa 02 
6f 20 74 68 65 20 49 45 54 46 20 69 6e 74 65 6e 01 
ab b2 5b f4 26 be fe 95 b4 0c 5a 8d 41 03 c1 68 04 
12 a7 7c 99 54 fa b3 52 1c c8 8c d5 a7 53 16 76 b3 52 03 12 fc 24 bc 9f b1 df ab 7b ae 7d 0b 40 00 
6e ce 00 b0 8f 28 5f 5a ba 9f 23 f0 c1 b0 24 c6 03 
64 65 64 20 62 79 20 74 68 65 20 43 6f 6e 74 72 01 
d2 33 65 d0 f1 a1 7f ce 22 05 44 33 31 1f 99 38 05 
4c c8 7f 62 77 20 cd 9b 2e 81 7b 72 79 f3 e8 a0 c8 8c 16 32 25 54 22 34 c1 0a 07 34 7b 7d d6 4b 00 
46 f8 1b e1 a5 09 f8 1c a0 4e 84 73 53 10 b5 ff 00 
69 62 75 74 6f 72 20 66 6f 72 20 70 75 62 6c 69 01 
af 5a 91 55 15 7c 18 83 0f c1 a4 e3 c8 72 21 69 02 
ea ab f1 a1 79 e0 97 e9 44 34 41 1f 72 55 bb 57 5c c5 ce f5 c7 ab 2b f2 e2 3f dc 36 30 02 04 23 00 
9d 22 34 95 33 77 4e 98 20 84 d4 63 2e 58 80 83 00 
63 61 74 69 6f 6e 20 61 73 20 61 6c 6c 20 6f 72 01 
00 84 a8 fe a2 e5 6e f9 93 a4 35 d0 9a 78 ef f5 01 
00 d8 9f 4d b1 4e ee 96 33 9f c7 49 6b ea b3 b3 5a 64 b6 da 2c d0 1c c2 e1 47 26 83 64 c3 7a 1c 00 
6e d5 03 5f e9 52 92 c9 0d 79 b7 ed a8 5e 4d d7 02 
20 70 61 72 74 20 6f 66 20 61 6e 20 49 45 54 46 01 
8e 45 65 d1 5d 73 01 30 2e da 25 0e f2 a3 a1 1d 04 
f4 b1 08 5f 7e f4 64 21 7c 37 a3 c1 fe 9c f8 14 19 cb fe bf 87 f2 fd 43 a7 59 c4 e5 35 50 c8 3b 00 
d2 2f 07 0f a8 63 62 36 8d a7 d8 20 42 01 b3 5f 01 
20 49 6e 74 65 72 6e 65 74 2d 44 72 61 66 74 20 01 
f2 78 75 83 0d d6 d0 9b 01 d5 1c 93 a3 67 27 80 02 
0c fd 83 c2 f8 34 99 6c e1 7f 76 db 06 41 7f 06 0c 45 4c 40 bd 41 a4 42 ce e0 f7 0e ae 6d 52 24 00 
5b 53 e3 52 25 87 e6 3f e3 58 2c 6e 20 4a e6 33 00 
6f 72 20 52 46 43 20 61 6e 64 20 61 6e 79 20 73 01 
ca c5 03 a5 6b ca 06 a1 51 bd 4c cf 8e c3 06 a7 01 
9c 6a d5 30 76 d0 de 77 55 e2 63 0d c7 01 46 65 6e a1 42 a9 ec 57 6e 9a 91 b5 5a 51 0a 96 00 18 00 
63 b4 68 04 5e be e8 78 4b 45 15 f3 53 bd 46 83 02 
74 61 74 65 6d 65 6e 74 20 6d 61 64 65 20 77 69 01 
d7 15 dd 69 cb 23 57 ed 6b b2 76 57 b9 dd bd ec 03 
5a ee c5 48 17 67 f0 12 59 3d 9c 7e 3b 57 59 d9 7a b6 13 cf c6 a7 1e 4d 73 3f db 5f d2 2c 02 39 00 
70 92 9e cb cf b8 56 33 a9 4c 6e 76 42 0f 9c 20 03 
74 68 69 6e 20 74 68 65 20 63 6f 6e 74 65 78 74 01 
e4 fa 07 3a f0 2c bf 98 c9 af dd e4 b6 74 14 95 04 
18 e0 34 ec b6 e0 a3 9a 30 5d 1b af 86 24 15 37 c3 e7 87 bb 51 56 ea 8a ef 13 8e 99 b5 56 8f 42 00 
c8 c1 9e 16 9d cc 48 08 1c f6 0c af e9 50 48 8a 03 
20 6f 66 20 61 6e 20 49 45 54 46 20 61 63 74 69 01 
e8 30 05 37 fe 3a 69 51 61 4a 53 cf 4a b4 bc f3 04 
f0 d8 c7 c6 68 43 18 f7 d8 b5 50 99 de 48 5e 24 e5 79 63 a8 40 34 3e 90 23 a7 a4 fd 68 43 ee 47 00 
4d 31 44 99 b9 04 66 6b c5 86 5e d6 21 1d 48 7e 01 
76 69 74 79 20 69 73 20 63 6f 6e 73 69 64 65 72 01 
c3 9a b8 12 da 6d d9 8b 28 f6 cc 49 8b 81 ad f0 02 
22 14 c3 9b 75 f4 ed b6 1d e8 e8 58 b2 2e 18 36 3d a8 e5 fb 6b 8b 27 13 b9 24 57 46 f8 de b4 2a 00 
6d 26 a2 96 bc 62 df 0e 05 d6 d5 b0 68 45 7a 6b 01 
65 64 20 61 6e 20 22 49 45 54 46 20 43 6f 6e 74 01 
d2 8a c2 f7 2a 83 01 58 4a 2a 1c d1 ab b4 e8 df 02 
4c 22 03 c9 20 05 f2 c5 ef 26 a9 a4 47 4d 52 38 1e 18 2e 0b 1a cd cc 85 c6 49 16 ee c0 4c c1 29 00 
6f c0 fc 56 81 05 32 ed 27 03 45 ce 38 ed 83 6c 02 
72 69 62 75 74 69 6f 6e 22 2e 20 53 75 63 68 20 01 
e1 29 5f cc f5 6e a1 5b 4a 31 65 21 ae 50 ec 8c 03 
76 1a bf df 31 77 60 9b 95 1a 65 29 e2 77 ca b2 6a c6 99 55 9a 47 77 c0 98 25 14 15 b6 61 92 33 00 
78 52 bf ca b2 90 f5 8b 94 49 be c3 05 72 41 f3 02 
73 74 61 74 65 6d 65 6e 74 73 20 69 6e 63 6c 75 01 
eb c6 20 3f 18 fe 5a fa 08 bd de 2c 74 d5 ad 68 04 
92 2c ac 5f e3 82 4b 74 a6 91 8e 5e ff 2b 78 4f 91 45 96 c4 1a 41 f5 c7 dc 84 aa 20 1a 67 0a 40 00 
86 03 68 d5 44 14 3e 6e ba b7 63 07 e0 2c 85 9f 01 
64 65 20 6f 72 61 6c 20 73 74 61 74 65 6d 65 6e 01 
ea 68 88 44 b7 75 aa 8e 2d 2c c5 7b 45 9a ea 0d 03 
5c 73 7b dd 3f 5d b1 71 23 7f 61 38 7b 07 d4 9b da ea 58 9a 25 ea 32 7c e1 4e bb 2c 40 92 5d 2c 00 
ea 98 6a de ee 01 f1 4c bd a1 4b 70 4b fe 48 d3 02 
74 73 20 69 6e 20 49 45 54 46 20 73 65 73 73 69 01 
5e 0c 8b 47 5d 22 3a 92 11 e8 6b e3 b0 71 bc 3c 04 
d4 b1 b8 31 80 df 90 c5 54 6e ba 66 2c 1a 7a 22 4c 75 db ab fb 4d 98 04 b3 c3 8b b1 54 1e 8c 3d 00 
73 04 8b c8 fa 40 4f 8b f4 22 a9 44 16 40 69 6f 00 
6f 6e 73 2c 20 61 73 20 77 65 6c 6c 20 61 73 20 01 
e2 72 fe f4 1a a2 c2 ab 6b 88 15 b1 36 a1 dc 8f 01 
ac 65 9c 19 a0 68 d6 ee da 35 7d 96 ba 11 ab ec 57 69 6e 86 a7 aa b3 08 9a 3c 54 8b 0e 1d b0 16 00 
5a 69 a6 81 f1 fd b6 79 9b 81 a6 c4 0c 36 07 09 00 
77 72 69 74 74 65 6e 20 61 6e 64 20 65 6c 65 63 01 
d1 db 0f f6 65 63 25 9a fc ef 0a e5 71 a2 6c 6c 01 
16 53 d0 66 2a 1b 71 2a 4b 3a 90 7c 81 03 71 57 74 82 9e ee 9a a0 aa 31 53 81 ce 9e 98 5f ad 14 00 
27 76 16 11 ec 63 86 28 f3 5b 12 43 00 bb 49 71 00 
74 72 6f 6e 69 63 20 63 6f 6d 6d 75 6e 69 63 61 01 
9b e8 85 7f 55 c7 a6 8b 62 c9 7f b8 6e 24 ad d2 01 
b2 b7 43 3b 00 66 51 e5 6f 1b b2 03 02 b3 bd fc 5d 0f 3f f0 55 0f e1 42 89 e2 6e 05 40 9d 7a 1a 00 
e5 8a 92 a7 2b b9 ea 78 9b b6 7c 0a 92 f7 d6 1d 02 
74 69 6f 6e 73 20 6d 61 64 65 20 61 74 20 61 6e 01 
59 f4 01 16 9f d9 57 da ff 1b 9d 6b 06 18 38 8c 03 
c6 27 83 ee 08 5a 2d 0f 2e 8a d3 22 1a 63 2d f0 6d 7b 22 f4 79 55 cb e8 e9 43 ce 47 f1 27 88 33 00 
0d 42 ae 5f e1 84 2b 72 12 5f 95 bc 07 95 97 30 02 
79 20 74 69 6d 65 20 6f 72 20 70 6c 61 63 65 2c 01 
86 62 22 c9 4e ea 4b e1 84 7f 05 29 69 f8 fc 5c 03 
44 a6 26 7a 19 88 07 27 ec f6 f4 08 d2 49 3c f3 b0 0c 43 65 8b ba 9e 97 f1 64 23 0c bc 1c da 30 00 
20 76 ba b8 47 f1 8d 24 1a 35 21 18 bd ed 4c 30 01 
20 77 68 69 63 68 20 61 72 65 20 61 64 64 72 65 01 
40 ed 22 22 ab 59 ae 85 8c 9a 41 79 21 52 bf 95 02 
80 4b 18 ad d4 20 70 55 81 88 97 5d f4 39 72 f6 69 c8 16 2d 2a af fd 99 e0 57 c4 c8 52 14 8c 25 00 
02 c6 74 65 c9 3b ed 15 5a f6 8c d8 5b 53 61 25 02 
73 73 65 64 20 74 6f 01 00 00 00 00 00 00 00 00 00 
75 39 da c9 e9 af 5c 17 5a f6 8c d8 5b 53 61 25 02 
ae c7 db 48 47 d5 bc 7b 8a da 3c 44 51 4d 15 c9 05 cd 4e 29 a8 ff e1 f5 98 09 63 c4 95 e9 2b 1f 00 
f3 47 7e 7c d9 54 17 af 89 a6 b8 79 4c 31 0c f0 01 

---------------------------tag---------------------------------
f3 47 7e 7c d9 54 17 af 89 a6 b8 79 4c 31 0c f0 
óG~|ÙT¯‰¦¸yL1ð

---------------------------tag_hw---------------------------------
f3 47 7e 7c d9 54 17 af 89 a6 b8 79 4c 31 0c f0 
óG~|ÙT¯‰¦¸yL1ð
INFO: [SIM 1] CSim done with 0 errors.
INFO: [SIM 3] *************** CSIM finish ***************
