INFO-FLOW: Workspace D:/Saksham/Programming_stuff/NetSec_Lab/FPGA_proj/poly1305/hls/poly1305/solution1 opened at Mon Jul 31 18:35:26 +0530 2023
Execute     config_clock -quiet -name default -period 10 -default=false 
INFO: [SYN 201-201] Setting up clock 'default' with a period of 10ns.
WARNING: [HLS 200-40] Cannot find library 'E:/Xilinx/Vivado/2019.1/common/technology/xilinx/Virtex-7/Virtex-7.lib'.
WARNING: [HLS 200-40] Cannot find library 'xilinx/Virtex-7/Virtex-7'.
Execute     open_platform DefaultPlatform 
Execute     import_lib E:/Xilinx/Vivado/2019.1/common/technology/xilinx/virtex7/virtex7 
Execute       source E:/Xilinx/Vivado/2019.1/common/technology/xilinx/common/xilinx.lib 
Execute         source E:/Xilinx/Vivado/2019.1/common/technology/xilinx/interface/xilinx_interface.lib 
Execute           source E:/Xilinx/Vivado/2019.1/common/technology/xilinx/interface/plb46.lib 
Execute           source E:/Xilinx/Vivado/2019.1/common/technology/xilinx/interface/fsl.lib 
Execute           source E:/Xilinx/Vivado/2019.1/common/technology/xilinx/interface/axi4.lib 
Execute           source E:/Xilinx/Vivado/2019.1/common/technology/xilinx/interface/maxi.lib 
Execute           source E:/Xilinx/Vivado/2019.1/common/technology/xilinx/interface/saxilite.lib 
Execute         source E:/Xilinx/Vivado/2019.1/common/technology/xilinx/common/dsp48.lib 
Execute         source E:/Xilinx/Vivado/2019.1/common/technology/xilinx/ip/dds_compiler.lib 
Execute         source E:/Xilinx/Vivado/2019.1/common/technology/xilinx/ip/xfft.lib 
Execute         source E:/Xilinx/Vivado/2019.1/common/technology/xilinx/ip/xfir.lib 
Execute       source E:/Xilinx/Vivado/2019.1/common/technology/xilinx/common/xilinx.hlp 
Execute         source E:/Xilinx/Vivado/2019.1/common/technology/xilinx/common/target_info.tcl 
Execute         source E:/Xilinx/Vivado/2019.1/common/technology/xilinx/interface/xilinx_interface.hlp 
Execute           source E:/Xilinx/Vivado/2019.1/common/technology/xilinx/interface/maxi.hlp 
Execute           source E:/Xilinx/Vivado/2019.1/common/technology/xilinx/interface/saxilite.hlp 
Execute         source E:/Xilinx/Vivado/2019.1/common/technology/xilinx/common/dsp48.hlp 
Execute       source E:/Xilinx/Vivado/2019.1/common/technology/xilinx/virtex7/dsp48e1.hlp 
Execute       source E:/Xilinx/Vivado/2019.1/common/technology/xilinx/common/xilinx.hlp 
Execute         source E:/Xilinx/Vivado/2019.1/common/technology/xilinx/common/target_info.tcl 
Execute         source E:/Xilinx/Vivado/2019.1/common/technology/xilinx/interface/xilinx_interface.hlp 
Execute           source E:/Xilinx/Vivado/2019.1/common/technology/xilinx/interface/maxi.hlp 
Execute           source E:/Xilinx/Vivado/2019.1/common/technology/xilinx/interface/saxilite.hlp 
Execute         source E:/Xilinx/Vivado/2019.1/common/technology/xilinx/common/dsp48.hlp 
Execute     source E:/Xilinx/Vivado/2019.1/common/technology/xilinx/virtex7/virtex7.gen 
Execute       source E:/Xilinx/Vivado/2019.1/common/technology/xilinx/common/xilinx.gen 
Execute         source E:/Xilinx/Vivado/2019.1/common/technology/xilinx/interface/plb46.gen 
Execute         source E:/Xilinx/Vivado/2019.1/common/technology/xilinx/interface/fsl.gen 
Execute         source E:/Xilinx/Vivado/2019.1/common/technology/xilinx/interface/axi4.gen 
Execute         source E:/Xilinx/Vivado/2019.1/common/technology/xilinx/interface/nativeAXI4.gen 
Execute           source E:/Xilinx/Vivado/2019.1/common/technology/xilinx/interface/saxilite.gen 
Execute           source E:/Xilinx/Vivado/2019.1/common/technology/xilinx/interface/maxi.gen 
Execute         source E:/Xilinx/Vivado/2019.1/common/technology/xilinx/scripts/xilinxcoregen.gen 
Execute         source E:/Xilinx/Vivado/2019.1/common/technology/xilinx/interface/XilEDKCoreGen.gen 
Execute         source E:/Xilinx/Vivado/2019.1/common/technology/xilinx/ip/dds_compiler.gen 
Execute         source E:/Xilinx/Vivado/2019.1/common/technology/xilinx/ip/util.gen 
Execute         source E:/Xilinx/Vivado/2019.1/common/technology/xilinx/ip/xfft.gen 
Execute         source E:/Xilinx/Vivado/2019.1/common/technology/xilinx/ip/xfir.gen 
Execute         source E:/Xilinx/Vivado/2019.1/common/technology/xilinx/common/dsp48.gen 
Command       ap_source done; 0.138 sec.
Command     ap_source done; 0.139 sec.
Execute     open_platform DefaultPlatform 
Execute     import_lib E:/Xilinx/Vivado/2019.1/common/technology/xilinx/virtex7/virtex7_fpv6 
Execute       source E:/Xilinx/Vivado/2019.1/common/technology/xilinx/common/xilinx_fp.lib 
Execute       source E:/Xilinx/Vivado/2019.1/common/technology/xilinx/common/xilinx_fp.hlp 
Execute         source E:/Xilinx/Vivado/2019.1/common/technology/xilinx/common/xilinx.hlp 
Execute           source E:/Xilinx/Vivado/2019.1/common/technology/xilinx/common/target_info.tcl 
Execute           source E:/Xilinx/Vivado/2019.1/common/technology/xilinx/interface/xilinx_interface.hlp 
Execute             source E:/Xilinx/Vivado/2019.1/common/technology/xilinx/interface/maxi.hlp 
Execute             source E:/Xilinx/Vivado/2019.1/common/technology/xilinx/interface/saxilite.hlp 
Execute           source E:/Xilinx/Vivado/2019.1/common/technology/xilinx/common/dsp48.hlp 
Execute     source E:/Xilinx/Vivado/2019.1/common/technology/xilinx/virtex7/virtex7_fpv6.gen 
Execute       source E:/Xilinx/Vivado/2019.1/common/technology/xilinx/common/xilinx_fp.gen 
Execute     set_part xc7vx485t-ffg1157-1 
Execute       ap_part_info -name xc7vx485t-ffg1157-1 -data single -quiet 
Command       ap_part_info done; 0.491 sec.
Execute       ap_part_info -name xc7vx485t-ffg1157-1 -data info 
Execute       add_library xilinx/virtex7/virtex7:xc7vx485t:-ffg1157:-1 
Execute         get_default_platform 
Execute         license_isbetapart xc7vx485t 
Command         license_isbetapart done; error code: 1; 
Execute         open_platform DefaultPlatform 
Execute         import_lib E:/Xilinx/Vivado/2019.1/common/technology/xilinx/virtex7/virtex7 
Execute           source E:/Xilinx/Vivado/2019.1/common/technology/xilinx/common/xilinx.lib 
Execute             source E:/Xilinx/Vivado/2019.1/common/technology/xilinx/interface/xilinx_interface.lib 
Execute               source E:/Xilinx/Vivado/2019.1/common/technology/xilinx/interface/plb46.lib 
Execute               source E:/Xilinx/Vivado/2019.1/common/technology/xilinx/interface/fsl.lib 
Execute               source E:/Xilinx/Vivado/2019.1/common/technology/xilinx/interface/axi4.lib 
Execute               source E:/Xilinx/Vivado/2019.1/common/technology/xilinx/interface/maxi.lib 
Execute               source E:/Xilinx/Vivado/2019.1/common/technology/xilinx/interface/saxilite.lib 
Execute             source E:/Xilinx/Vivado/2019.1/common/technology/xilinx/common/dsp48.lib 
Execute             source E:/Xilinx/Vivado/2019.1/common/technology/xilinx/ip/dds_compiler.lib 
Execute             source E:/Xilinx/Vivado/2019.1/common/technology/xilinx/ip/xfft.lib 
Execute             source E:/Xilinx/Vivado/2019.1/common/technology/xilinx/ip/xfir.lib 
Execute           source E:/Xilinx/Vivado/2019.1/common/technology/xilinx/common/xilinx.hlp 
Execute             source E:/Xilinx/Vivado/2019.1/common/technology/xilinx/common/target_info.tcl 
Execute             source E:/Xilinx/Vivado/2019.1/common/technology/xilinx/interface/xilinx_interface.hlp 
Execute               source E:/Xilinx/Vivado/2019.1/common/technology/xilinx/interface/maxi.hlp 
Execute               source E:/Xilinx/Vivado/2019.1/common/technology/xilinx/interface/saxilite.hlp 
Execute             source E:/Xilinx/Vivado/2019.1/common/technology/xilinx/common/dsp48.hlp 
Execute           source E:/Xilinx/Vivado/2019.1/common/technology/xilinx/virtex7/dsp48e1.hlp 
Execute           source E:/Xilinx/Vivado/2019.1/common/technology/xilinx/common/xilinx.hlp 
Execute             source E:/Xilinx/Vivado/2019.1/common/technology/xilinx/common/target_info.tcl 
Execute             source E:/Xilinx/Vivado/2019.1/common/technology/xilinx/interface/xilinx_interface.hlp 
Execute               source E:/Xilinx/Vivado/2019.1/common/technology/xilinx/interface/maxi.hlp 
Execute               source E:/Xilinx/Vivado/2019.1/common/technology/xilinx/interface/saxilite.hlp 
Execute             source E:/Xilinx/Vivado/2019.1/common/technology/xilinx/common/dsp48.hlp 
Execute         source E:/Xilinx/Vivado/2019.1/common/technology/xilinx/virtex7/virtex7.gen 
Execute           source E:/Xilinx/Vivado/2019.1/common/technology/xilinx/common/xilinx.gen 
Execute             source E:/Xilinx/Vivado/2019.1/common/technology/xilinx/interface/plb46.gen 
Execute             source E:/Xilinx/Vivado/2019.1/common/technology/xilinx/interface/fsl.gen 
Execute             source E:/Xilinx/Vivado/2019.1/common/technology/xilinx/interface/axi4.gen 
Execute             source E:/Xilinx/Vivado/2019.1/common/technology/xilinx/interface/nativeAXI4.gen 
Execute               source E:/Xilinx/Vivado/2019.1/common/technology/xilinx/interface/saxilite.gen 
Execute               source E:/Xilinx/Vivado/2019.1/common/technology/xilinx/interface/maxi.gen 
Execute             source E:/Xilinx/Vivado/2019.1/common/technology/xilinx/scripts/xilinxcoregen.gen 
Execute             source E:/Xilinx/Vivado/2019.1/common/technology/xilinx/interface/XilEDKCoreGen.gen 
Execute             source E:/Xilinx/Vivado/2019.1/common/technology/xilinx/ip/dds_compiler.gen 
Execute             source E:/Xilinx/Vivado/2019.1/common/technology/xilinx/ip/util.gen 
Execute             source E:/Xilinx/Vivado/2019.1/common/technology/xilinx/ip/xfft.gen 
Execute             source E:/Xilinx/Vivado/2019.1/common/technology/xilinx/ip/xfir.gen 
Execute             source E:/Xilinx/Vivado/2019.1/common/technology/xilinx/common/dsp48.gen 
Command           ap_source done; 0.125 sec.
Command         ap_source done; 0.125 sec.
Execute         ap_part_info -data single -name xc7vx485t-ffg1157-1 
Execute         ap_part_info -name xc7vx485t-ffg1157-1 -data resources 
Execute         ap_part_info -name xc7vx485t-ffg1157-1 -data info 
Execute         ap_part_info -name xc7vx485t-ffg1157-1 -data info 
Execute         config_chip_info -quiet -resource {SLICE 75900} {LUT 303600} {FF 607200} {DSP48E 2800} {BRAM 2060} {URAM 0} 
Execute         ap_part_info -name xc7vx485t-ffg1157-1 -data info 
Execute         config_chip_info -quiet -speed slow 
Command       add_library done; 0.166 sec.
Execute       add_library xilinx/virtex7/virtex7_fpv6 
Execute         get_default_platform 
Execute         open_platform DefaultPlatform 
Execute         import_lib E:/Xilinx/Vivado/2019.1/common/technology/xilinx/virtex7/virtex7_fpv6 
Execute           source E:/Xilinx/Vivado/2019.1/common/technology/xilinx/common/xilinx_fp.lib 
Execute           source E:/Xilinx/Vivado/2019.1/common/technology/xilinx/common/xilinx_fp.hlp 
Execute             source E:/Xilinx/Vivado/2019.1/common/technology/xilinx/common/xilinx.hlp 
Execute               source E:/Xilinx/Vivado/2019.1/common/technology/xilinx/common/target_info.tcl 
Execute               source E:/Xilinx/Vivado/2019.1/common/technology/xilinx/interface/xilinx_interface.hlp 
Execute                 source E:/Xilinx/Vivado/2019.1/common/technology/xilinx/interface/maxi.hlp 
Execute                 source E:/Xilinx/Vivado/2019.1/common/technology/xilinx/interface/saxilite.hlp 
Execute               source E:/Xilinx/Vivado/2019.1/common/technology/xilinx/common/dsp48.hlp 
Execute         source E:/Xilinx/Vivado/2019.1/common/technology/xilinx/virtex7/virtex7_fpv6.gen 
Execute           source E:/Xilinx/Vivado/2019.1/common/technology/xilinx/common/xilinx_fp.gen 
INFO: [HLS 200-10] Setting target device to 'xc7vx485t-ffg1157-1'
Execute       ap_part_info -name xc7vx485t-ffg1157-1 -data info 
Execute       get_default_platform 
Command     set_part done; 0.747 sec.
Execute     ap_part_info -data single -name xc7vx485t-ffg1157-1 
Execute     ap_part_info -name xc7vx485t-ffg1157-1 -data resources 
Execute     ap_part_info -name xc7vx485t-ffg1157-1 -data info 
Execute     ap_part_info -name xc7vx485t-ffg1157-1 -data info 
Execute     config_chip_info -quiet -resource {SLICE 75900} {LUT 303600} {FF 607200} {DSP48E 2800} {BRAM 2060} {URAM 0} 
Execute     ap_part_info -name xc7vx485t-ffg1157-1 -data info 
Execute     config_chip_info -quiet -speed slow 
Command   open_solution done; 0.979 sec.
Execute   set_part xc7vx485tffg1157-1 
Execute     ap_part_info -name xc7vx485tffg1157-1 -data single -quiet 
Execute     ap_part_info -name xc7vx485tffg1157-1 -data info 
Execute     add_library xilinx/virtex7/virtex7:xc7vx485t:-ffg1157:-1 
Execute       get_default_platform 
Execute       license_isbetapart xc7vx485t 
Command       license_isbetapart done; error code: 1; 
Execute       open_platform DefaultPlatform 
Execute       import_lib E:/Xilinx/Vivado/2019.1/common/technology/xilinx/virtex7/virtex7 
Execute         source E:/Xilinx/Vivado/2019.1/common/technology/xilinx/common/xilinx.lib 
Execute           source E:/Xilinx/Vivado/2019.1/common/technology/xilinx/interface/xilinx_interface.lib 
Execute             source E:/Xilinx/Vivado/2019.1/common/technology/xilinx/interface/plb46.lib 
Execute             source E:/Xilinx/Vivado/2019.1/common/technology/xilinx/interface/fsl.lib 
Execute             source E:/Xilinx/Vivado/2019.1/common/technology/xilinx/interface/axi4.lib 
Execute             source E:/Xilinx/Vivado/2019.1/common/technology/xilinx/interface/maxi.lib 
Execute             source E:/Xilinx/Vivado/2019.1/common/technology/xilinx/interface/saxilite.lib 
Execute           source E:/Xilinx/Vivado/2019.1/common/technology/xilinx/common/dsp48.lib 
Execute           source E:/Xilinx/Vivado/2019.1/common/technology/xilinx/ip/dds_compiler.lib 
Execute           source E:/Xilinx/Vivado/2019.1/common/technology/xilinx/ip/xfft.lib 
Execute           source E:/Xilinx/Vivado/2019.1/common/technology/xilinx/ip/xfir.lib 
Execute         source E:/Xilinx/Vivado/2019.1/common/technology/xilinx/common/xilinx.hlp 
Execute           source E:/Xilinx/Vivado/2019.1/common/technology/xilinx/common/target_info.tcl 
Execute           source E:/Xilinx/Vivado/2019.1/common/technology/xilinx/interface/xilinx_interface.hlp 
Execute             source E:/Xilinx/Vivado/2019.1/common/technology/xilinx/interface/maxi.hlp 
Execute             source E:/Xilinx/Vivado/2019.1/common/technology/xilinx/interface/saxilite.hlp 
Execute           source E:/Xilinx/Vivado/2019.1/common/technology/xilinx/common/dsp48.hlp 
Execute         source E:/Xilinx/Vivado/2019.1/common/technology/xilinx/virtex7/dsp48e1.hlp 
Execute         source E:/Xilinx/Vivado/2019.1/common/technology/xilinx/common/xilinx.hlp 
Execute           source E:/Xilinx/Vivado/2019.1/common/technology/xilinx/common/target_info.tcl 
Execute           source E:/Xilinx/Vivado/2019.1/common/technology/xilinx/interface/xilinx_interface.hlp 
Execute             source E:/Xilinx/Vivado/2019.1/common/technology/xilinx/interface/maxi.hlp 
Execute             source E:/Xilinx/Vivado/2019.1/common/technology/xilinx/interface/saxilite.hlp 
Execute           source E:/Xilinx/Vivado/2019.1/common/technology/xilinx/common/dsp48.hlp 
Execute       source E:/Xilinx/Vivado/2019.1/common/technology/xilinx/virtex7/virtex7.gen 
Execute         source E:/Xilinx/Vivado/2019.1/common/technology/xilinx/common/xilinx.gen 
Execute           source E:/Xilinx/Vivado/2019.1/common/technology/xilinx/interface/plb46.gen 
Execute           source E:/Xilinx/Vivado/2019.1/common/technology/xilinx/interface/fsl.gen 
Execute           source E:/Xilinx/Vivado/2019.1/common/technology/xilinx/interface/axi4.gen 
Execute           source E:/Xilinx/Vivado/2019.1/common/technology/xilinx/interface/nativeAXI4.gen 
Execute             source E:/Xilinx/Vivado/2019.1/common/technology/xilinx/interface/saxilite.gen 
Execute             source E:/Xilinx/Vivado/2019.1/common/technology/xilinx/interface/maxi.gen 
Execute           source E:/Xilinx/Vivado/2019.1/common/technology/xilinx/scripts/xilinxcoregen.gen 
Execute           source E:/Xilinx/Vivado/2019.1/common/technology/xilinx/interface/XilEDKCoreGen.gen 
Execute           source E:/Xilinx/Vivado/2019.1/common/technology/xilinx/ip/dds_compiler.gen 
Execute           source E:/Xilinx/Vivado/2019.1/common/technology/xilinx/ip/util.gen 
Execute           source E:/Xilinx/Vivado/2019.1/common/technology/xilinx/ip/xfft.gen 
Execute           source E:/Xilinx/Vivado/2019.1/common/technology/xilinx/ip/xfir.gen 
Execute           source E:/Xilinx/Vivado/2019.1/common/technology/xilinx/common/dsp48.gen 
Command         ap_source done; 0.126 sec.
Command       ap_source done; 0.127 sec.
Execute       ap_part_info -data single -name xc7vx485t-ffg1157-1 
Execute       ap_part_info -name xc7vx485t-ffg1157-1 -data resources 
Execute       ap_part_info -name xc7vx485t-ffg1157-1 -data info 
Execute       ap_part_info -name xc7vx485t-ffg1157-1 -data info 
Execute       config_chip_info -quiet -resource {SLICE 75900} {LUT 303600} {FF 607200} {DSP48E 2800} {BRAM 2060} {URAM 0} 
Execute       ap_part_info -name xc7vx485t-ffg1157-1 -data info 
Execute       config_chip_info -quiet -speed slow 
Command     add_library done; 0.159 sec.
Execute     add_library xilinx/virtex7/virtex7_fpv6 
Execute       get_default_platform 
Execute       open_platform DefaultPlatform 
Execute       import_lib E:/Xilinx/Vivado/2019.1/common/technology/xilinx/virtex7/virtex7_fpv6 
Execute         source E:/Xilinx/Vivado/2019.1/common/technology/xilinx/common/xilinx_fp.lib 
Execute         source E:/Xilinx/Vivado/2019.1/common/technology/xilinx/common/xilinx_fp.hlp 
Execute           source E:/Xilinx/Vivado/2019.1/common/technology/xilinx/common/xilinx.hlp 
Execute             source E:/Xilinx/Vivado/2019.1/common/technology/xilinx/common/target_info.tcl 
Execute             source E:/Xilinx/Vivado/2019.1/common/technology/xilinx/interface/xilinx_interface.hlp 
Execute               source E:/Xilinx/Vivado/2019.1/common/technology/xilinx/interface/maxi.hlp 
Execute               source E:/Xilinx/Vivado/2019.1/common/technology/xilinx/interface/saxilite.hlp 
Execute             source E:/Xilinx/Vivado/2019.1/common/technology/xilinx/common/dsp48.hlp 
Execute       source E:/Xilinx/Vivado/2019.1/common/technology/xilinx/virtex7/virtex7_fpv6.gen 
Execute         source E:/Xilinx/Vivado/2019.1/common/technology/xilinx/common/xilinx_fp.gen 
Execute     ap_part_info -name xc7vx485t-ffg1157-1 -data info 
Execute     get_default_platform 
Command   set_part done; 0.247 sec.
Execute   create_clock -period 10 -name default 
Execute     config_clock -quiet -name default -period 10 -default=false 
INFO: [SYN 201-201] Setting up clock 'default' with a period of 10ns.
Execute   csynth_design 
Execute     get_config_compile -dump_cfg 
Execute     get_config_compile -effort 
Execute     get_config_compile -enable_clang39 
Execute     get_config_compile -g 
Execute     get_config_compile -ng 
Execute     get_config_compile -opt_fp 
Execute     get_config_compile -skip_cdt 
Execute     get_config_compile -skip_syncheck 
Execute     get_config_compile -skip_transform 
Execute     get_config_compile -keep_printf 
Execute     elaborate -effort=medium -skip_syncheck=0 -keep_printf=0 -skip_cdt=0 -skip_transform=0 -ng=0 -g=0 -opt_fp=0 -from_csynth_design=1 
Execute       get_config_schedule -relax_ii_for_timing 
INFO: [SCHED 204-61] Option 'relax_ii_for_timing' is enabled, will increase II to preserve clock frequency constraints.
Execute       get_config_schedule -suppress_dependence_error_break 
INFO: [HLS 200-10] Analyzing design file 'poly1305/.apc/.src/poly1305_hw.cpp' ... 
INFO-FLOW: Compiling one TU...
Execute       is_m_axi_addr64 
INFO-FLOW: Handling poly1305/.apc/.src/poly1305_hw.cpp as C++
Execute       ap_part_info -name xc7vx485t-ffg1157-1 -data info 
Execute       is_encrypted poly1305/.apc/.src/poly1305_hw.cpp 
Execute       ap_part_info -name xc7vx485t-ffg1157-1 -data info 
INFO-FLOW: Running: GCC PP
INFO-FLOW: Source preprocessing
Execute       clang  -fno-limit-debug-info -gcc-toolchain "E:/Xilinx/Vivado/2019.1/msys" -hls  -fno-exceptions  -D__llvm__  -E "poly1305/.apc/.src/poly1305_hw.cpp"     -fno-math-errno -c -emit-llvm -O0  -mllvm -disable-llvm-optzns -fno-threadsafe-statics  -fno-use-cxa-atexit  -fno-threadsafe-statics -fno-use-cxa-atexit -D__CLANG_3_1__ -D__cdecl= -DAESL_SYN -D__SYNTHESIS__ -D__HLS_SYN__ -I "E:/Xilinx/Vivado/2019.1/common/technology/autopilot" -I "E:/Xilinx/Vivado/2019.1/common/technology/autopilot/ap_sysc" -include etc/autopilot_ssdm_op.h -D__DSP48E1__  -o "D:/Saksham/Programming_stuff/NetSec_Lab/FPGA_proj/poly1305/hls/poly1305/solution1/.autopilot/db/poly1305_hw.pp.0.cpp" 
INFO-FLOW: exec E:/Xilinx/Vivado/2019.1/win64/tools/clang/bin/clang -fno-limit-debug-info -gcc-toolchain E:/Xilinx/Vivado/2019.1/msys -hls -fno-exceptions -D__llvm__ -E poly1305/.apc/.src/poly1305_hw.cpp -fno-math-errno -c -emit-llvm -O0 -mllvm -disable-llvm-optzns -fno-threadsafe-statics -fno-use-cxa-atexit -fno-threadsafe-statics -fno-use-cxa-atexit -D__CLANG_3_1__ -D__cdecl= -DAESL_SYN -D__SYNTHESIS__ -D__HLS_SYN__ -I E:/Xilinx/Vivado/2019.1/common/technology/autopilot -I E:/Xilinx/Vivado/2019.1/common/technology/autopilot/ap_sysc -include etc/autopilot_ssdm_op.h -D__DSP48E1__ -o D:/Saksham/Programming_stuff/NetSec_Lab/FPGA_proj/poly1305/hls/poly1305/solution1/.autopilot/db/poly1305_hw.pp.0.cpp
Command       clang done; 1.629 sec.
Execute       tidy_31 xilinx-xfmat-array-geometry D:/Saksham/Programming_stuff/NetSec_Lab/FPGA_proj/poly1305/hls/poly1305/solution1/.autopilot/db/poly1305_hw.pp.0.cpp std=gnu++98 
INFO-FLOW: exec E:/Xilinx/Vivado/2019.1/win64/tools/clang-3.9-csynth/bin/tidy-3.1 -header-filter=.* -checks=-*,xilinx-xfmat-array-geometry -quiet -fix D:/Saksham/Programming_stuff/NetSec_Lab/FPGA_proj/poly1305/hls/poly1305/solution1/.autopilot/db/poly1305_hw.pp.0.cpp -- -std=gnu++98 -fhls -ferror-limit=0
Command       tidy_31 done; 0.67 sec.
INFO-FLOW: Syntax Checking before pre-processing...
Execute       clang -syntaxcheck -src D:/Saksham/Programming_stuff/NetSec_Lab/FPGA_proj/poly1305/hls/poly1305/solution1/.autopilot/db/poly1305_hw.pp.0.cpp  -fno-limit-debug-info -gcc-toolchain "E:/Xilinx/Vivado/2019.1/msys" -hls    -fno-math-errno -c -emit-llvm -O0  -mllvm -disable-llvm-optzns -fno-threadsafe-statics  -fno-use-cxa-atexit  -fno-threadsafe-statics -fno-use-cxa-atexit -D__CLANG_3_1__ -D__cdecl= -DAESL_SYN -D__SYNTHESIS__ -D__HLS_SYN__ -I "E:/Xilinx/Vivado/2019.1/common/technology/autopilot" -I "E:/Xilinx/Vivado/2019.1/common/technology/autopilot/ap_sysc" -include etc/autopilot_ssdm_op.h -D__DSP48E1__  "D:/Saksham/Programming_stuff/NetSec_Lab/FPGA_proj/poly1305/hls/poly1305/solution1/.autopilot/db/poly1305_hw.pp.0.cpp"  -o "D:/Saksham/Programming_stuff/NetSec_Lab/FPGA_proj/poly1305/hls/poly1305/solution1/.autopilot/db/useless.bc"  
INFO-FLOW: exec E:/Xilinx/Vivado/2019.1/win64/tools/clang/bin/clang -fno-limit-debug-info -gcc-toolchain E:/Xilinx/Vivado/2019.1/msys -hls -fno-math-errno -c -emit-llvm -O0 -mllvm -disable-llvm-optzns -fno-threadsafe-statics -fno-use-cxa-atexit -fno-threadsafe-statics -fno-use-cxa-atexit -D__CLANG_3_1__ -D__cdecl= -DAESL_SYN -D__SYNTHESIS__ -D__HLS_SYN__ -I E:/Xilinx/Vivado/2019.1/common/technology/autopilot -I E:/Xilinx/Vivado/2019.1/common/technology/autopilot/ap_sysc -include etc/autopilot_ssdm_op.h -D__DSP48E1__ D:/Saksham/Programming_stuff/NetSec_Lab/FPGA_proj/poly1305/hls/poly1305/solution1/.autopilot/db/poly1305_hw.pp.0.cpp -o D:/Saksham/Programming_stuff/NetSec_Lab/FPGA_proj/poly1305/hls/poly1305/solution1/.autopilot/db/useless.bc
Command       clang done; 1.279 sec.
INFO-FLOW: Done: GCC PP time: 3.6 seconds per iteration
Execute       source E:/Xilinx/Vivado/2019.1/tps/tcl/tcllib1.11.1/yaml/huddle.tcl 
Execute       source E:/Xilinx/Vivado/2019.1/tps/tcl/tcllib1.11.1/yaml/json2huddle.tcl 
Execute         source E:/Xilinx/Vivado/2019.1/tps/tcl/tcllib1.11.1/try/try.tcl 
Execute       list_core -type functional_unit 
Execute       tidy_31 xilinx-systemc-detector D:/Saksham/Programming_stuff/NetSec_Lab/FPGA_proj/poly1305/hls/poly1305/solution1/.autopilot/db/poly1305_hw.pp.0.cpp std=gnu++98 -directive=D:/Saksham/Programming_stuff/NetSec_Lab/FPGA_proj/poly1305/hls/poly1305/solution1/.autopilot/db/.systemc_flag 
INFO-FLOW: exec E:/Xilinx/Vivado/2019.1/win64/tools/clang-3.9-csynth/bin/tidy-3.1 -header-filter=.* -checks=-*,xilinx-systemc-detector -import-directive=D:/Saksham/Programming_stuff/NetSec_Lab/FPGA_proj/poly1305/hls/poly1305/solution1/.autopilot/db/.systemc_flag -quiet -fix-errors D:/Saksham/Programming_stuff/NetSec_Lab/FPGA_proj/poly1305/hls/poly1305/solution1/.autopilot/db/poly1305_hw.pp.0.cpp -- -std=gnu++98 -fhls -ferror-limit=0
Command       tidy_31 done; 0.509 sec.
INFO-FLOW: Running: tidy-3.1 CDT preprocess
Execute       tidy_31 xilinx-directive2pragma D:/Saksham/Programming_stuff/NetSec_Lab/FPGA_proj/poly1305/hls/poly1305/solution1/.autopilot/db/poly1305_hw.pp.0.cpp std=gnu++98 -directive=D:/Saksham/Programming_stuff/NetSec_Lab/FPGA_proj/poly1305/hls/poly1305/solution1/.autopilot/db/all.directive.json 
INFO-FLOW: exec E:/Xilinx/Vivado/2019.1/win64/tools/clang-3.9-csynth/bin/tidy-3.1 -header-filter=.* -checks=-*,xilinx-directive2pragma -import-directive=D:/Saksham/Programming_stuff/NetSec_Lab/FPGA_proj/poly1305/hls/poly1305/solution1/.autopilot/db/all.directive.json -quiet -fix-errors D:/Saksham/Programming_stuff/NetSec_Lab/FPGA_proj/poly1305/hls/poly1305/solution1/.autopilot/db/poly1305_hw.pp.0.cpp -- -std=gnu++98 -fhls -ferror-limit=0
Command       tidy_31 done; 0.498 sec.
Execute       get_config_dataflow -strict_mode 
Execute       ap_eval exec -ignorestderr E:/Xilinx/Vivado/2019.1/win64/tools/clang-3.9-csynth/bin/xilinx-dataflow-lawyer -export-fixes=D:/Saksham/Programming_stuff/NetSec_Lab/FPGA_proj/poly1305/hls/poly1305/solution1/.autopilot/db/xilinx-dataflow-lawyer.poly1305_hw.pp.0.cpp.diag.yml D:/Saksham/Programming_stuff/NetSec_Lab/FPGA_proj/poly1305/hls/poly1305/solution1/.autopilot/db/poly1305_hw.pp.0.cpp -- -std=gnu++98 -fhls -ferror-limit=0 -fstrict-dataflow > D:/Saksham/Programming_stuff/NetSec_Lab/FPGA_proj/poly1305/hls/poly1305/solution1/.autopilot/db/xilinx-dataflow-lawyer.poly1305_hw.pp.0.cpp.out.log 2> D:/Saksham/Programming_stuff/NetSec_Lab/FPGA_proj/poly1305/hls/poly1305/solution1/.autopilot/db/xilinx-dataflow-lawyer.poly1305_hw.pp.0.cpp.err.log 
Command       ap_eval done; 0.414 sec.
Execute       tidy_31 -errorcheck xilinx-constantarray-param,xilinx-resource-pragma-transformer,xilinx-xfmat-array-geometry D:/Saksham/Programming_stuff/NetSec_Lab/FPGA_proj/poly1305/hls/poly1305/solution1/.autopilot/db/poly1305_hw.pp.0.cpp std=gnu++98 
Execute         ap_eval exec -ignorestderr E:/Xilinx/Vivado/2019.1/win64/tools/clang-3.9-csynth/bin/tidy-3.1 -export-fixes=D:/Saksham/Programming_stuff/NetSec_Lab/FPGA_proj/poly1305/hls/poly1305/solution1/.autopilot/db/tidy-3.1.poly1305_hw.pp.0.cpp.diag.yml -header-filter=.* -checks=-*,xilinx-constantarray-param,xilinx-resource-pragma-transformer,xilinx-xfmat-array-geometry -quiet -fix-errors D:/Saksham/Programming_stuff/NetSec_Lab/FPGA_proj/poly1305/hls/poly1305/solution1/.autopilot/db/poly1305_hw.pp.0.cpp -- -std=gnu++98 -fhls -ferror-limit=0 > D:/Saksham/Programming_stuff/NetSec_Lab/FPGA_proj/poly1305/hls/poly1305/solution1/.autopilot/db/tidy-3.1.poly1305_hw.pp.0.cpp.out.log 2> D:/Saksham/Programming_stuff/NetSec_Lab/FPGA_proj/poly1305/hls/poly1305/solution1/.autopilot/db/tidy-3.1.poly1305_hw.pp.0.cpp.err.log 
Command         ap_eval done; 0.591 sec.
Execute         ap_eval exec -ignorestderr E:/Xilinx/Vivado/2019.1/win64/tools/clang-3.9-csynth/bin/xilinx-legacy-rewriter D:/Saksham/Programming_stuff/NetSec_Lab/FPGA_proj/poly1305/hls/poly1305/solution1/.autopilot/db/poly1305_hw.pp.0.cpp -- -std=gnu++98 -fhls -ferror-limit=0 > D:/Saksham/Programming_stuff/NetSec_Lab/FPGA_proj/poly1305/hls/poly1305/solution1/.autopilot/db/xilinx-legacy-rewriter.poly1305_hw.pp.0.cpp.out.log 2> D:/Saksham/Programming_stuff/NetSec_Lab/FPGA_proj/poly1305/hls/poly1305/solution1/.autopilot/db/xilinx-legacy-rewriter.poly1305_hw.pp.0.cpp.err.log 
Command         ap_eval done; 0.415 sec.
Command       tidy_31 done; 1.01 sec.
INFO-FLOW: Done: tidy-3.1 CDT preprocess time: 1.9 seconds per iteration
INFO-FLOW: Pragma Handling...
Execute       tidy_31 xilinx-ssdm-intrinsics-arguments D:/Saksham/Programming_stuff/NetSec_Lab/FPGA_proj/poly1305/hls/poly1305/solution1/.autopilot/db/poly1305_hw.pragma.1.cpp std=gnu++98 
INFO-FLOW: exec E:/Xilinx/Vivado/2019.1/win64/tools/clang-3.9-csynth/bin/tidy-3.1 -header-filter=.* -checks=-*,xilinx-ssdm-intrinsics-arguments -quiet -fix-errors D:/Saksham/Programming_stuff/NetSec_Lab/FPGA_proj/poly1305/hls/poly1305/solution1/.autopilot/db/poly1305_hw.pragma.1.cpp -- -std=gnu++98 -fhls -ferror-limit=0
Command       tidy_31 done; 0.588 sec.
Execute       ap_part_info -name xc7vx485t-ffg1157-1 -data info 
INFO-FLOW: Processing labels
Execute       clang -src D:/Saksham/Programming_stuff/NetSec_Lab/FPGA_proj/poly1305/hls/poly1305/solution1/.autopilot/db/poly1305_hw.pragma.2.cpp  -fno-limit-debug-info -gcc-toolchain E:/Xilinx/Vivado/2019.1/msys -hls -hls-analyze-label -hls-analyze-pragma -fno-exceptions  -D__llvm__  -w  "D:/Saksham/Programming_stuff/NetSec_Lab/FPGA_proj/poly1305/hls/poly1305/solution1/.autopilot/db/poly1305_hw.pragma.2.cpp"    -fno-math-errno -c -emit-llvm -O0  -mllvm -disable-llvm-optzns -fno-threadsafe-statics  -fno-use-cxa-atexit -DAESL_SYN -D__SYNTHESIS__ -D__HLS_SYN__ -I "E:/Xilinx/Vivado/2019.1/common/technology/autopilot" -I "E:/Xilinx/Vivado/2019.1/common/technology/autopilot/ap_sysc" -include etc/autopilot_ssdm_op.h -D__DSP48E1__ -g -o "D:/Saksham/Programming_stuff/NetSec_Lab/FPGA_proj/poly1305/hls/poly1305/solution1/.autopilot/db/poly1305_hw.bc" 
INFO-FLOW: exec E:/Xilinx/Vivado/2019.1/win64/tools/clang/bin/clang -fno-limit-debug-info -gcc-toolchain E:/Xilinx/Vivado/2019.1/msys -hls -hls-analyze-label -hls-analyze-pragma -fno-exceptions -D__llvm__ -w D:/Saksham/Programming_stuff/NetSec_Lab/FPGA_proj/poly1305/hls/poly1305/solution1/.autopilot/db/poly1305_hw.pragma.2.cpp -fno-math-errno -c -emit-llvm -O0 -mllvm -disable-llvm-optzns -fno-threadsafe-statics -fno-use-cxa-atexit -DAESL_SYN -D__SYNTHESIS__ -D__HLS_SYN__ -I E:/Xilinx/Vivado/2019.1/common/technology/autopilot -I E:/Xilinx/Vivado/2019.1/common/technology/autopilot/ap_sysc -include etc/autopilot_ssdm_op.h -D__DSP48E1__ -g -o D:/Saksham/Programming_stuff/NetSec_Lab/FPGA_proj/poly1305/hls/poly1305/solution1/.autopilot/db/poly1305_hw.bc
Command       clang done; 1.314 sec.
INFO-FLOW: Linking Debug ...
Execute       llvm-ld D:/Saksham/Programming_stuff/NetSec_Lab/FPGA_proj/poly1305/hls/poly1305/solution1/.autopilot/db/poly1305_hw.g.bc -hls-opt -except-internalize poly1305_hw -LE:/Xilinx/Vivado/2019.1/win64/lib -lhlsm -lhlsmc++ -o D:/Saksham/Programming_stuff/NetSec_Lab/FPGA_proj/poly1305/hls/poly1305/solution1/.autopilot/db/a.g 
Command       llvm-ld done; 6.741 sec.
INFO: [HLS 200-111] Finished Linking Time (s): cpu = 00:00:01 ; elapsed = 00:00:17 . Memory (MB): peak = 179.578 ; gain = 88.125
INFO: [HLS 200-111] Finished Checking Pragmas Time (s): cpu = 00:00:01 ; elapsed = 00:00:17 . Memory (MB): peak = 179.578 ; gain = 88.125
Execute       get_config_sdx -target 
Execute       opt_and_import_c a -opt_level=2 -skip_syncheck=0 -ng=0 -keep_printf=0 
Execute         cleanup_all_models 
INFO: [HLS 200-10] Starting code transformations ...
Execute         transform -promote-dbg-pointer D:/Saksham/Programming_stuff/NetSec_Lab/FPGA_proj/poly1305/hls/poly1305/solution1/.autopilot/db/a.pp.bc -o D:/Saksham/Programming_stuff/NetSec_Lab/FPGA_proj/poly1305/hls/poly1305/solution1/.autopilot/db/a.pp.0.bc -f 
Command         transform done; 0.906 sec.
Execute         llvm-ld D:/Saksham/Programming_stuff/NetSec_Lab/FPGA_proj/poly1305/hls/poly1305/solution1/.autopilot/db/a.pp.0.bc -disable-opt -LE:/Xilinx/Vivado/2019.1/win64/lib -lfloatconversion -o D:/Saksham/Programming_stuff/NetSec_Lab/FPGA_proj/poly1305/hls/poly1305/solution1/.autopilot/db/a.g.0 
Command         llvm-ld done; 0.672 sec.
INFO-FLOW: Running Standard Transforms...
Execute         transform -hls -share-std-xform -demangle-name -inline-byval-memcpy -always-inline -promote-dbg-pointer -interface-preproc -mem2reg -scalarrepl -mem2reg -keep-read-access -instcombine -dce -promote-dbg-pointer -bitop-raise -loop-simplify -indvarspre -indvars -loop-simplify -xunroll -constprop -instcombine -simplifycfg -indvars -simplifycfg -dce -globaldce -basicaa -simplifycfg -mem2reg -globalopt -global-constprop -deadargelim -instcombine -simplifycfg -prune-eh -simplifycfg -scalarrepl -instcombine -reassociate -licm -simplifycfg -loop-simplify -indvars -instcombine -simplifycfg -mem2reg -loop-simplify -indvars -instcombine -gvn -gvn -instcombine -adce -break-crit-edges -simplifycfg -loop-delete -global-array-opt -dce -dse -adce -find-syn-modules -top poly1305_hw -deadargelim -mem2reg -instcombine -dce -presyn-prepare -auto-rom-infer -interface-preproc -syn-check -check-rec-only -find-region -simplifycfg -func-extr -function-inline -globaldce -mem2reg -instcombine -dce -gvn -globaldce -adce -adse -constprop -instcombine -bit-constprop -instcombine -dce -simplifycfg -bitop-raise -simplifycfg -dce -loop-delete -reassociate -globalopt -global-privatize -mem2reg -dce -global-constprop -pointer-simplify -constprop -dce -func-inst -deadargelim -auto-shift-reg-idiom -promote-dbg-pointer -norm-name D:/Saksham/Programming_stuff/NetSec_Lab/FPGA_proj/poly1305/hls/poly1305/solution1/.autopilot/db/a.g.0.bc -o D:/Saksham/Programming_stuff/NetSec_Lab/FPGA_proj/poly1305/hls/poly1305/solution1/.autopilot/db/a.g.1.bc -f -phase std-opt 
Command         transform done; 1.896 sec.
INFO: [HLS 200-111] Finished Standard Transforms Time (s): cpu = 00:00:03 ; elapsed = 00:00:20 . Memory (MB): peak = 179.578 ; gain = 88.125
INFO: [HLS 200-10] Checking synthesizability ...
INFO-FLOW: Checking Synthesizability 1/2..
Execute         transform -hls -syn-check -check-rec-only -disaggr -scalarrepl -norm-name -dce -mem2reg -instcombine -function-uniquify -directive-preproc -mem2reg -dse -dce -auto-rom-infer -dce -pag -array-normalize -instcombine -dce -warn-fifo-pointer -array-seg-normalize -instcombine -dce -array-flatten -instcombine -dce -array-burst -dce -deadargelim -promote-global-argument -simplifycfg -mem2reg -globaldce -dce -deadargelim -dce -instcombine -function-inline -globaldce -dce -doublePtrSimplify -doublePtrElim -dce -doublePtrSimplify -promote-dbg-pointer -dce -scalarrepl -dse -adse -instcombine -ptrLegalization -simplifycfg -dce -instcombine -pointer-simplify -ptrArgReplace -dce -instcombine -resolve-double-ptr -disaggr -scalarrepl -norm-name -dce -mem2reg -instcombine -ptrLegalization -simplifycfg -deadargelim -instcombine -dce -inst-simplify -function-uniquify -directive-preproc -mem2reg -dse -dce -globaldce -check-dspbuiltin D:/Saksham/Programming_stuff/NetSec_Lab/FPGA_proj/poly1305/hls/poly1305/solution1/.autopilot/db/a.g.1.bc -o D:/Saksham/Programming_stuff/NetSec_Lab/FPGA_proj/poly1305/hls/poly1305/solution1/.autopilot/db/a.g.2.prechk.bc -f 
Command         transform done; 0.878 sec.
INFO-FLOW: Checking Synthesizability 2/2..
Execute         transform -syn-check D:/Saksham/Programming_stuff/NetSec_Lab/FPGA_proj/poly1305/hls/poly1305/solution1/.autopilot/db/a.g.2.prechk.bc -o D:/Saksham/Programming_stuff/NetSec_Lab/FPGA_proj/poly1305/hls/poly1305/solution1/.autopilot/db/a.g.2.bc -f -phase syn-check 
INFO: [HLS 200-111] Finished Checking Synthesizability Time (s): cpu = 00:00:04 ; elapsed = 00:00:21 . Memory (MB): peak = 179.578 ; gain = 88.125
INFO-FLOW: Compiler optimizing ...
INFO-FLOW: Share syncheck's 1.bc for syn flow: copy D:/Saksham/Programming_stuff/NetSec_Lab/FPGA_proj/poly1305/hls/poly1305/solution1/.autopilot/db/a.g.1.bc to D:/Saksham/Programming_stuff/NetSec_Lab/FPGA_proj/poly1305/hls/poly1305/solution1/.autopilot/db/a.o.1.bc
INFO-FLOW: Presyn 1...
Execute         transform -hls -tmp D:/Saksham/Programming_stuff/NetSec_Lab/FPGA_proj/poly1305/hls/poly1305/solution1/.autopilot/db -interface-port-rename -type-info -function-uniquify -directive-preproc -mem2reg -dse -dce -disaggr -scalarrepl -norm-name -deadargelim -mem2reg -instcombine -dce -simplifycfg -auto-rom-infer -dce -function-uniquify -resource-proc -clib-intrinsic-prepare -dce -func-buffer -dce -pag -array-normalize -func-legal -instcombine -gvn -constprop -dce -simplifycfg -mem2reg -globaldce -resolve-double-ptr -dce -deadargelim -dce -instcombine -ptrArgReplace -mem2reg -dce -array-seg-normalize -deadargelim -instcombine -dce -pointer-simplify -dce -port-alignment -dce -interface-preproc -data-pack -instcombine -dce -basicaa -aggr-aa -aggrmodref-aa -aggr-aa -gvn -gvn -basicaa -aggr-aa -aggrmodref-aa -aggr-aa -dse -adse -adce -loop-simplify -indvars -instcombine -gvn -loop-simplify -mem2reg -dce -find-region -instcombine -auto-loop-pipeline -inst-simplify -interface-preproc -cfgopt -instcombine -indvars -auto-loop-unroll -loop-simplify -loop-bound -xunroll -constprop -instcombine -simplifycfg -indvars -simplifycfg -dce -globaldce -clean-region -attach-range -gvn -inst-simplify -constprop -simplifycfg -dce -pointer-simplify -dce -globalopt -constprop -dce -array-promote -constprop -dce -ptrArgReplace -mem2reg -simplifycfg -dce -auto-par -instcombine -dce -array-transform-check -array-reshape -instcombine -simplifycfg -dce -ptrArgReplace -deadargelim -mem2reg -instcombine -simplifycfg -dce -indvars -loop-simplify -loop-bound -xunroll -constprop -instcombine -simplifycfg -indvars -simplifycfg -dce -globaldce -basicaa -aggr-aa -aggrmodref-aa -aggr-aa -dse -duplicate-dataflow-processes -globaldce -instcombine -array-partition -instcombine -simplifycfg -dce -ptrArgReplace -global-constprop -deadargelim -mem2reg -func-legal -dce -global-constprop -deadargelim -mem2reg -simplifycfg -dce -merge-param -deadargelim -globalopt -constprop -dce -array-promote -constprop -dce -ptrArgReplace -mem2reg -simplifycfg -dce -mem-intrinsic-preproc -dce -global-internalize -global-privatize -mem2reg -globaldce -promote-global-argument -ptrArgReplace -mem2reg -dce -globalopt -mergereturn -simplify-global-access -mem2reg -dce -pointer-simplify -dce -functionattrs -basicaa -aggr-aa -aggrmodref-aa -aggr-aa -gvn -gvn -basicaa -aggr-aa -aggrmodref-aa -aggr-aa -dse -adse -adce -dce -norm-name -function-inline -complex-op-raise -inst-simplify -globaldce -func-inst -constprop -instcombine -simplifycfg -dce -func-legal -dce -loop-bound -arraycheck -bitwidthmin -on-by-dataflow -loop-delete -instcombine -simplifycfg -globaldce -dce -gvn -deadargelim -dce -loop-simplify -clean-region -simplifycfg -propagate-stable-arguments -loop-stream -instcombine -simplifycfg -dce -globaldce -duplicate-dataflow-processes -stream-intrinsic-preproc -dce -check-ap-stream -loop-simplify -eliminate-keepreads -extract-dataflow-in-loop -loop-simplify -dce -gvn -deadargelim -dse -check-dataflow-syntax -legalize-stream-variable -legalize-global -extract-subproc -dce -dead-channel-elimination -canonicalize-gep -globaldce -dce -gvn -deadargelim -annotate-dataflow-channels -scalar-propagation -deadargelim -globaldce -mem2reg -check-dataflow-channels -function-stream -dce -globaldce -prop-fifo-spec -internal-stream-gen -canonicalize-gep -globaldce -dce -gvn -deadargelim -mergereturn -indvars -loop-simplify -instcombine -array-stream -array-seg-normalize -array-partition -func-legal -instcombine -simplifycfg -dce -bundle-memfifo-ops -deadargelim -function-uniquify -directive-preproc -mem2reg -dse -dce -group-axi-access -licm -simplifycfg -dce -loop-delete -norm-name D:/Saksham/Programming_stuff/NetSec_Lab/FPGA_proj/poly1305/hls/poly1305/solution1/.autopilot/db/a.o.1.bc -o D:/Saksham/Programming_stuff/NetSec_Lab/FPGA_proj/poly1305/hls/poly1305/solution1/.autopilot/db/a.o.1.tmp.bc -f 
Command         transform done; 1.429 sec.
INFO-FLOW: Presyn 2...
Execute         transform -hls -keep-callgraph -scalarrepl -mem2reg -port-alignment -attach-range -dce -pipe-mux-gen -indvars -loop-bound -inst-simplify -instcombine -dce -merge-array-access -mem2reg -dce -clean-region -mergereturn -if-conv -instcombine -dce -constprop -basicaa -aggr-aa -aggrmodref-aa -aggr-aa -gvn -gvn -basicaa -aggr-aa -aggrmodref-aa -aggr-aa -dse -adse -adce -scalarrepl -mem2reg -global-constprop -deadargelim -deadargelim -instcombine -dce -simplifycfg -ptrArgReplace -mem2reg -function-inline -globaldce -mem2reg -instcombine -dce -expr-balance -instcombine -dce -bitwidthmin -interface-preproc -directive-preproc -inst-rectify -instcombine -dce -functionattrs -constprop -instcombine -bit-constprop -simplify-global-access -globalopt -globaldce -inst-simplify -instcombine -elimdeaddata -dce -loop-delete -simplifycfg -loop-simplify -auto-burst -norm-name D:/Saksham/Programming_stuff/NetSec_Lab/FPGA_proj/poly1305/hls/poly1305/solution1/.autopilot/db/a.o.1.tmp.bc -o D:/Saksham/Programming_stuff/NetSec_Lab/FPGA_proj/poly1305/hls/poly1305/solution1/.autopilot/db/a.o.2.bc -f -phase presyn 
INFO: [XFORM 203-401] Performing if-conversion on hyperblock from (poly1305/.apc/.src/poly1305_hw.cpp:66:64) to (poly1305/.apc/.src/poly1305_hw.cpp:65:36) in function 'poly1305_hw'... converting 3 basic blocks.
INFO: [XFORM 203-401] Performing if-conversion on hyperblock from (poly1305/.apc/.src/poly1305_hw.cpp:85:69) to (poly1305/.apc/.src/poly1305_hw.cpp:93:21) in function 'poly1305_hw'... converting 3 basic blocks.
INFO: [XFORM 203-401] Performing if-conversion on hyperblock from (poly1305/.apc/.src/poly1305_hw.cpp:98:80) to (poly1305/.apc/.src/poly1305_hw.cpp:107:21) in function 'poly1305_hw'... converting 3 basic blocks.
INFO: [XFORM 203-401] Performing if-conversion on hyperblock from (poly1305/.apc/.src/poly1305_hw.cpp:231:88) to (poly1305/.apc/.src/poly1305_hw.cpp:240:33) in function 'poly1305_hw'... converting 3 basic blocks.
INFO: [XFORM 203-401] Performing if-conversion on hyperblock from (poly1305/.apc/.src/poly1305_hw.cpp:342:64) to (poly1305/.apc/.src/poly1305_hw.cpp:341:36) in function 'poly1305_hw'... converting 3 basic blocks.
INFO: [XFORM 203-401] Performing if-conversion on hyperblock from (poly1305/.apc/.src/poly1305_hw.cpp:368:69) to (poly1305/.apc/.src/poly1305_hw.cpp:376:21) in function 'poly1305_hw'... converting 3 basic blocks.
INFO: [XFORM 203-401] Performing if-conversion on hyperblock from (poly1305/.apc/.src/poly1305_hw.cpp:381:80) to (poly1305/.apc/.src/poly1305_hw.cpp:390:21) in function 'poly1305_hw'... converting 3 basic blocks.
INFO: [XFORM 203-401] Performing if-conversion on hyperblock from (poly1305/.apc/.src/poly1305_hw.cpp:512:88) to (poly1305/.apc/.src/poly1305_hw.cpp:521:33) in function 'poly1305_hw'... converting 3 basic blocks.
INFO: [XFORM 203-401] Performing if-conversion on hyperblock from (poly1305/.apc/.src/poly1305_hw.cpp:623:60) to (poly1305/.apc/.src/poly1305_hw.cpp:622:32) in function 'poly1305_hw'... converting 3 basic blocks.
INFO: [XFORM 203-401] Performing if-conversion on hyperblock from (poly1305/.apc/.src/poly1305_hw.cpp:648:65) to (poly1305/.apc/.src/poly1305_hw.cpp:656:17) in function 'poly1305_hw'... converting 3 basic blocks.
INFO: [XFORM 203-401] Performing if-conversion on hyperblock from (poly1305/.apc/.src/poly1305_hw.cpp:661:76) to (poly1305/.apc/.src/poly1305_hw.cpp:670:17) in function 'poly1305_hw'... converting 3 basic blocks.
INFO: [XFORM 203-401] Performing if-conversion on hyperblock from (poly1305/.apc/.src/poly1305_hw.cpp:756:84) to (poly1305/.apc/.src/poly1305_hw.cpp:765:29) in function 'poly1305_hw'... converting 3 basic blocks.
INFO: [XFORM 203-401] Performing if-conversion on hyperblock from (poly1305/.apc/.src/poly1305_hw.cpp:852:48) to (poly1305/.apc/.src/poly1305_hw.cpp:851:28) in function 'poly1305_hw'... converting 3 basic blocks.
Command         transform done; 0.511 sec.
INFO: [HLS 200-111] Finished Pre-synthesis Time (s): cpu = 00:00:05 ; elapsed = 00:00:23 . Memory (MB): peak = 179.578 ; gain = 88.125
INFO-FLOW: Building ssdm...
Execute         transform -hls -function-uniquify -auto-function-inline -globaldce -ptrArgReplace -mem2reg -dce -reset-lda -loop-simplify -indvars -licm -loop-dep -loop-bound -licm -loop-simplify -flattenloopnest -array-flatten -gvn -instcombine -dce -array-map -dce -func-legal -gvn -adce -instcombine -cfgopt -simplifycfg -loop-simplify -array-burst -promote-global-argument -dce -ptrLegalization -axi4-lower -array-seg-normalize -basicaa -aggrmodref-aa -globalsmodref-aa -aggr-aa -gvn -gvn -basicaa -aggrmodref-aa -globalsmodref-aa -aggr-aa -dse -adse -adce -licm -inst-simplify -dce -globaldce -instcombine -array-stream -eliminate-keepreads -instcombine -dce -deadargelim -doublePtrSimplify -doublePtrElim -dce -doublePtrSimplify -promote-dbg-pointer -dce -scalarrepl -mem2reg -disaggr -norm-name -mem2reg -instcombine -dse -adse -adce -ptrLegalization -dce -auto-rom-infer -array-flatten -dce -instcombine -check-doubleptr -loop-rot -constprop -cfgopt -simplifycfg -loop-simplify -indvars -pointer-simplify -dce -loop-bound -loop-simplify -loop-preproc -constprop -global-constprop -gvn -mem2reg -instcombine -dce -loop-bound -loop-merge -dce -bitwidthmin -deadargelim -dce -canonicalize-dataflow -dce -scalar-propagation -deadargelim -globaldce -mem2reg -read-loop-dep -interface-preproc -directive-preproc -interface-gen -bram-byte-enable -deadargelim -inst-simplify -dce -gvn -mem2reg -instcombine -dce -adse -loop-bound -instcombine -cfgopt -simplifycfg -loop-simplify -clean-region -io-protocol -find-region -mem2reg -bitop-raise -complex-op-raise -inst-simplify -inst-rectify -instcombine -adce -deadargelim -loop-simplify -phi-opt -bitop-raise -cfgopt -simplifycfg -strip-dead-prototypes -interface-lower -bitop-lower -intrinsic-lower -auto-function-inline -basicaa -aggrmodref-aa -globalsmodref-aa -aggr-aa -inst-simplify -simplifycfg -loop-simplify -mergereturn -inst-simplify -inst-rectify -dce -load-elim -bitop-lower -loop-rewind -pointer-simplify -dce -cfgopt -dce -loop-bound -loop-dep -read-loop-dep -dce -check-stream -norm-name -legalize -validate-dataflow -inst-clarity -bitwidth -dump-loop-dep-to-ir -check-all-ssdm -cdfg-build D:/Saksham/Programming_stuff/NetSec_Lab/FPGA_proj/poly1305/hls/poly1305/solution1/.autopilot/db/a.o.2.bc -o D:/Saksham/Programming_stuff/NetSec_Lab/FPGA_proj/poly1305/hls/poly1305/solution1/.autopilot/db/a.o.3.bc -f -phase build-ssdm 
WARNING: [XFORM 203-561] Updating loop upper bound from -1 to 63 for loop 'Loop-5-8-4' in function 'poly1305_hw'.
WARNING: [XFORM 203-561] Updating loop upper bound from -1 to 63 for loop 'Loop-6-8-4' in function 'poly1305_hw'.
WARNING: [XFORM 203-561] Updating loop upper bound from -1 to 32 for loop 'Loop-14-4' in function 'poly1305_hw'.
Command         transform done; 1.1 sec.
INFO: [HLS 200-111] Finished Architecture Synthesis Time (s): cpu = 00:00:06 ; elapsed = 00:00:24 . Memory (MB): peak = 179.578 ; gain = 88.125
INFO-FLOW: Finish building internal data model.
Command       opt_and_import_c done; 7.448 sec.
Command     elaborate done; 22.298 sec.
Execute     autosyn -from_csynth_design=1 
INFO: [HLS 200-10] Starting hardware synthesis ...
INFO-FLOW: Synthesizing C/C++ design ...
INFO: [HLS 200-10] Synthesizing 'poly1305_hw' ...
Execute       ap_set_top_model poly1305_hw 
Execute       get_model_list poly1305_hw -filter all-wo-channel -topdown 
Execute       preproc_iomode -model poly1305_hw 
Execute       get_model_list poly1305_hw -filter all-wo-channel 
INFO-FLOW: Model list for configure: poly1305_hw
INFO-FLOW: Configuring Module : poly1305_hw ...
Execute       set_default_model poly1305_hw 
Execute       apply_spec_resource_limit poly1305_hw 
INFO-FLOW: Model list for preprocess: poly1305_hw
INFO-FLOW: Preprocessing Module: poly1305_hw ...
Execute       set_default_model poly1305_hw 
Execute       cdfg_preprocess -model poly1305_hw 
Execute       rtl_gen_preprocess poly1305_hw 
INFO-FLOW: Model list for synthesis: poly1305_hw
INFO: [HLS 200-10] ----------------------------------------------------------------
INFO: [HLS 200-42] -- Implementing module 'poly1305_hw' 
INFO: [HLS 200-10] ----------------------------------------------------------------
Execute       set_default_model poly1305_hw 
Execute       schedule -model poly1305_hw 
INFO: [SCHED 204-11] Starting scheduling ...
INFO: [SCHED 204-11] Finished scheduling.
Command       schedule done; 1.338 sec.
INFO: [HLS 200-111]  Elapsed time: 25.46 seconds; current allocated memory: 120.716 MB.
Execute       syn_report -verbosereport -o D:/Saksham/Programming_stuff/NetSec_Lab/FPGA_proj/poly1305/hls/poly1305/solution1/.autopilot/db/poly1305_hw.verbose.sched.rpt 
INFO: [HLS 200-434] Only 0 loops out of a total 68 loops have been pipelined in this design.
Command       syn_report done; 0.358 sec.
Execute       db_write -o D:/Saksham/Programming_stuff/NetSec_Lab/FPGA_proj/poly1305/hls/poly1305/solution1/.autopilot/db/poly1305_hw.sched.adb -f 
Command       db_write done; 0.466 sec.
INFO-FLOW: Finish scheduling poly1305_hw.
Execute       set_default_model poly1305_hw 
Execute       bind -model poly1305_hw 
BIND OPTION: model=poly1305_hw
INFO: [BIND 205-100] Starting micro-architecture generation ...
INFO: [BIND 205-101] Performing variable lifetime analysis.
INFO: [BIND 205-101] Exploring resource sharing.
INFO: [BIND 205-101] Binding ...
INFO: [BIND 205-100] Finished micro-architecture generation.
Command       bind done; 0.306 sec.
INFO: [HLS 200-111]  Elapsed time: 1.165 seconds; current allocated memory: 125.781 MB.
Execute       syn_report -verbosereport -o D:/Saksham/Programming_stuff/NetSec_Lab/FPGA_proj/poly1305/hls/poly1305/solution1/.autopilot/db/poly1305_hw.verbose.bind.rpt 
Command       syn_report done; 0.586 sec.
Execute       db_write -o D:/Saksham/Programming_stuff/NetSec_Lab/FPGA_proj/poly1305/hls/poly1305/solution1/.autopilot/db/poly1305_hw.bind.adb -f 
Command       db_write done; 0.323 sec.
INFO-FLOW: Finish binding poly1305_hw.
Execute       get_model_list poly1305_hw -filter all-wo-channel 
INFO-FLOW: Preprocessing for RTLGen ...
Execute       rtl_gen_preprocess poly1305_hw 
INFO-FLOW: Model list for RTL generation: poly1305_hw
INFO: [HLS 200-10] ----------------------------------------------------------------
INFO: [HLS 200-10] -- Generating RTL for module 'poly1305_hw' 
INFO: [HLS 200-10] ----------------------------------------------------------------
Execute       get_config_rtl -module_prefix 
Execute       get_config_rtl -module_auto_prefix 
Execute       create_rtl_model poly1305_hw -vendor xilinx -mg_file D:/Saksham/Programming_stuff/NetSec_Lab/FPGA_proj/poly1305/hls/poly1305/solution1/.autopilot/db/poly1305_hw.compgen.tcl 
INFO: [RTGEN 206-500] Setting interface mode on port 'poly1305_hw/input_stream_V_data' to 'ap_fifo'.
INFO: [RTGEN 206-500] Setting interface mode on port 'poly1305_hw/input_stream_V_last_V' to 'ap_fifo'.
INFO: [RTGEN 206-500] Setting interface mode on port 'poly1305_hw/result_stream_V_data' to 'ap_fifo'.
INFO: [RTGEN 206-500] Setting interface mode on port 'poly1305_hw/result_stream_V_last_V' to 'ap_fifo'.
INFO: [RTGEN 206-500] Setting interface mode on function 'poly1305_hw' to 'ap_ctrl_hs'.
INFO: [SYN 201-210] Renamed object name 'poly1305_hw_textBlock' to 'poly1305_hw_textBbkb' due to the length limit 20
INFO: [SYN 201-210] Renamed object name 'poly1305_hw_textBlock_1' to 'poly1305_hw_textBcud' due to the length limit 20
INFO: [SYN 201-210] Renamed object name 'poly1305_hw_accSum_1' to 'poly1305_hw_accSudEe' due to the length limit 20
INFO: [SYN 201-210] Renamed object name 'poly1305_hw_fullArr_1' to 'poly1305_hw_fullAeOg' due to the length limit 20
INFO: [SYN 201-210] Renamed object name 'poly1305_hw_textBlock_2' to 'poly1305_hw_textBfYi' due to the length limit 20
INFO: [SYN 201-210] Renamed object name 'poly1305_hw_accSum81' to 'poly1305_hw_accSug8j' due to the length limit 20
INFO: [SYN 201-210] Renamed object name 'poly1305_hw_fullArr_2' to 'poly1305_hw_fullAhbi' due to the length limit 20
INFO: [SYN 201-210] Renamed object name 'poly1305_hw_mac_muladd_8ns_8ns_8ns_16_1_1' to 'poly1305_hw_mac_mibs' due to the length limit 20
INFO: [RTGEN 206-100] Generating core module 'poly1305_hw_mac_mibs': 3 instance(s).
INFO: [RTGEN 206-100] Finished creating RTL model for 'poly1305_hw'.
Command       create_rtl_model done; 0.515 sec.
INFO: [HLS 200-111]  Elapsed time: 1.495 seconds; current allocated memory: 133.921 MB.
Execute       source D:/Saksham/Programming_stuff/NetSec_Lab/FPGA_proj/poly1305/hls/poly1305/solution1/.autopilot/db/poly1305_hw.rtl_wrap.cfg.tcl 
Execute       gen_rtl poly1305_hw -istop -style xilinx -tracefl mytrace -tracefmt vcd -traceopt all -f -lang sc -o D:/Saksham/Programming_stuff/NetSec_Lab/FPGA_proj/poly1305/hls/poly1305/solution1/syn/systemc/poly1305_hw -synmodules poly1305_hw 
Execute       gen_rtl poly1305_hw -istop -style xilinx -f -lang vhdl -o D:/Saksham/Programming_stuff/NetSec_Lab/FPGA_proj/poly1305/hls/poly1305/solution1/syn/vhdl/poly1305_hw 
Command       gen_rtl done; 0.318 sec.
Execute       gen_rtl poly1305_hw -istop -style xilinx -f -lang vlog -o D:/Saksham/Programming_stuff/NetSec_Lab/FPGA_proj/poly1305/hls/poly1305/solution1/syn/verilog/poly1305_hw 
Command       gen_rtl done; 0.151 sec.
Execute       syn_report -csynth -model poly1305_hw -o D:/Saksham/Programming_stuff/NetSec_Lab/FPGA_proj/poly1305/hls/poly1305/solution1/syn/report/poly1305_hw_csynth.rpt 
Command       syn_report done; 0.149 sec.
Execute       syn_report -rtlxml -model poly1305_hw -o D:/Saksham/Programming_stuff/NetSec_Lab/FPGA_proj/poly1305/hls/poly1305/solution1/syn/report/poly1305_hw_csynth.xml 
Command       syn_report done; 0.131 sec.
Execute       syn_report -verbosereport -model poly1305_hw -o D:/Saksham/Programming_stuff/NetSec_Lab/FPGA_proj/poly1305/hls/poly1305/solution1/.autopilot/db/poly1305_hw.verbose.rpt 
Command       syn_report done; 0.709 sec.
Execute       db_write -model poly1305_hw -f -o D:/Saksham/Programming_stuff/NetSec_Lab/FPGA_proj/poly1305/hls/poly1305/solution1/.autopilot/db/poly1305_hw.adb 
Command       db_write done; 0.627 sec.
Execute       gen_tb_info poly1305_hw -p D:/Saksham/Programming_stuff/NetSec_Lab/FPGA_proj/poly1305/hls/poly1305/solution1/.autopilot/db -o D:/Saksham/Programming_stuff/NetSec_Lab/FPGA_proj/poly1305/hls/poly1305/solution1/.autopilot/db/poly1305_hw 
Execute       export_constraint_db -f -tool general -o D:/Saksham/Programming_stuff/NetSec_Lab/FPGA_proj/poly1305/hls/poly1305/solution1/.autopilot/db/poly1305_hw.constraint.tcl 
Execute       syn_report -designview -model poly1305_hw -o D:/Saksham/Programming_stuff/NetSec_Lab/FPGA_proj/poly1305/hls/poly1305/solution1/.autopilot/db/poly1305_hw.design.xml 
Command       syn_report done; 0.26 sec.
Execute       get_config_rtl -disable_wave_debug 
Execute       syn_report -wcfg -model poly1305_hw -o D:/Saksham/Programming_stuff/NetSec_Lab/FPGA_proj/poly1305/hls/poly1305/solution1/.autopilot/db/poly1305_hw_dataflow_ana.wcfg 
Execute       syn_report -protoinst -model poly1305_hw -o D:/Saksham/Programming_stuff/NetSec_Lab/FPGA_proj/poly1305/hls/poly1305/solution1/.autopilot/db/poly1305_hw.protoinst 
Execute       get_config_debug -directory 
Execute       sc_get_clocks poly1305_hw 
Execute       get_config_export -vivado_clock 
Execute       sc_get_portdomain poly1305_hw 
INFO-FLOW: Model list for RTL component generation: poly1305_hw
INFO-FLOW: Handling components in module [poly1305_hw] ... 
Execute       source D:/Saksham/Programming_stuff/NetSec_Lab/FPGA_proj/poly1305/hls/poly1305/solution1/.autopilot/db/poly1305_hw.compgen.tcl 
INFO-FLOW: Found component poly1305_hw_mac_mibs.
INFO-FLOW: Append model poly1305_hw_mac_mibs
INFO-FLOW: Found component poly1305_hw_arr2.
INFO-FLOW: Append model poly1305_hw_arr2
INFO-FLOW: Found component poly1305_hw_key.
INFO-FLOW: Append model poly1305_hw_key
INFO-FLOW: Found component poly1305_hw_text.
INFO-FLOW: Append model poly1305_hw_text
INFO-FLOW: Found component poly1305_hw_r.
INFO-FLOW: Append model poly1305_hw_r
INFO-FLOW: Found component poly1305_hw_s.
INFO-FLOW: Append model poly1305_hw_s
INFO-FLOW: Found component poly1305_hw_acc.
INFO-FLOW: Append model poly1305_hw_acc
INFO-FLOW: Found component poly1305_hw_mul.
INFO-FLOW: Append model poly1305_hw_mul
INFO-FLOW: Found component poly1305_hw_arr1.
INFO-FLOW: Append model poly1305_hw_arr1
INFO-FLOW: Found component poly1305_hw_temp.
INFO-FLOW: Append model poly1305_hw_temp
INFO-FLOW: Found component poly1305_hw_fullArr.
INFO-FLOW: Append model poly1305_hw_fullArr
INFO-FLOW: Append model poly1305_hw
INFO-FLOW: Generating RTL model list ...
INFO-FLOW: All models in this session: poly1305_hw_mac_mibs poly1305_hw_arr2 poly1305_hw_key poly1305_hw_text poly1305_hw_r poly1305_hw_s poly1305_hw_acc poly1305_hw_mul poly1305_hw_arr1 poly1305_hw_temp poly1305_hw_fullArr poly1305_hw
INFO-FLOW: To file: write model poly1305_hw_mac_mibs
INFO-FLOW: To file: write model poly1305_hw_arr2
INFO-FLOW: To file: write model poly1305_hw_key
INFO-FLOW: To file: write model poly1305_hw_text
INFO-FLOW: To file: write model poly1305_hw_r
INFO-FLOW: To file: write model poly1305_hw_s
INFO-FLOW: To file: write model poly1305_hw_acc
INFO-FLOW: To file: write model poly1305_hw_mul
INFO-FLOW: To file: write model poly1305_hw_arr1
INFO-FLOW: To file: write model poly1305_hw_temp
INFO-FLOW: To file: write model poly1305_hw_fullArr
INFO-FLOW: To file: write model poly1305_hw
INFO-FLOW: Finished generating RTL model list.


INFO-FLOW: RTL Generation done.
INFO-FLOW: CAS Generation done.
INFO-FLOW: CBC Generation done.
INFO-FLOW: DBG:CMD: auto_generate_csynth_design
INFO-FLOW: DBG:CMD:     auto_generate --sim-model -phase csynth_design -d D:/Saksham/Programming_stuff/NetSec_Lab/FPGA_proj/poly1305/hls/poly1305/solution1
Execute       source D:/Saksham/Programming_stuff/NetSec_Lab/FPGA_proj/poly1305/hls/poly1305/solution1/.autopilot/db/global.setting.tcl 
INFO-FLOW: DBG:CMD: read_platform_lib D:/Saksham/Programming_stuff/NetSec_Lab/FPGA_proj/poly1305/hls/poly1305/solution1/.autopilot/db/global.setting.tcl
Execute       source E:/Xilinx/Vivado/2019.1/common/technology/generic/autopilot/common.gen 
Execute         source E:/Xilinx/Vivado/2019.1/common/technology/generic/autopilot/APCoreGen.gen 
Execute       source E:/Xilinx/Vivado/2019.1/common/technology/generic/autopilot/op.gen 
Execute       source E:/Xilinx/Vivado/2019.1/common/technology/generic/autopilot/op_simcore.gen 
Execute       source E:/Xilinx/Vivado/2019.1/common/technology/generic/autopilot/interface.gen 
Execute       source D:/Saksham/Programming_stuff/NetSec_Lab/FPGA_proj/poly1305/hls/poly1305/solution1/.autopilot/db/global.setting.tcl 
Execute       source E:/Xilinx/Vivado/2019.1/common/technology/xilinx/virtex7/virtex7.gen 
Execute         source E:/Xilinx/Vivado/2019.1/common/technology/xilinx/common/xilinx.gen 
Execute           source E:/Xilinx/Vivado/2019.1/common/technology/xilinx/interface/plb46.gen 
Execute           source E:/Xilinx/Vivado/2019.1/common/technology/xilinx/interface/fsl.gen 
Execute           source E:/Xilinx/Vivado/2019.1/common/technology/xilinx/interface/axi4.gen 
Execute           source E:/Xilinx/Vivado/2019.1/common/technology/xilinx/interface/nativeAXI4.gen 
Execute             source E:/Xilinx/Vivado/2019.1/common/technology/xilinx/interface/saxilite.gen 
Execute             source E:/Xilinx/Vivado/2019.1/common/technology/xilinx/interface/maxi.gen 
Execute           source E:/Xilinx/Vivado/2019.1/common/technology/xilinx/scripts/xilinxcoregen.gen 
Execute           source E:/Xilinx/Vivado/2019.1/common/technology/xilinx/interface/XilEDKCoreGen.gen 
Execute           source E:/Xilinx/Vivado/2019.1/common/technology/xilinx/ip/dds_compiler.gen 
Execute           source E:/Xilinx/Vivado/2019.1/common/technology/xilinx/ip/util.gen 
Execute           source E:/Xilinx/Vivado/2019.1/common/technology/xilinx/ip/xfft.gen 
Execute           source E:/Xilinx/Vivado/2019.1/common/technology/xilinx/ip/xfir.gen 
Execute           source E:/Xilinx/Vivado/2019.1/common/technology/xilinx/common/dsp48.gen 
Command         ap_source done; 0.13 sec.
Command       ap_source done; 0.13 sec.
Execute       source E:/Xilinx/Vivado/2019.1/common/technology/xilinx/virtex7/virtex7_fpv6.gen 
Execute         source E:/Xilinx/Vivado/2019.1/common/technology/xilinx/common/xilinx_fp.gen 
INFO-FLOW: DBG:CMD:   using AESL_AUTOCG::g_clock_period=10.000 (was NA)
INFO-FLOW: DBG:CMD:       generate_ip_cores sim=1 export=0 expOnly=0 dstVlogDir=syn/verilog
Execute       source D:/Saksham/Programming_stuff/NetSec_Lab/FPGA_proj/poly1305/hls/poly1305/solution1/.autopilot/db/global.setting.tcl 
Execute       ap_part_info -name xc7vx485t-ffg1157-1 -data names -quiet 
Execute       ap_part_info -name xc7vx485t-ffg1157-1 -data info -quiet 
Execute       source D:/Saksham/Programming_stuff/NetSec_Lab/FPGA_proj/poly1305/hls/poly1305/solution1/.autopilot/db/global.setting.tcl 
Execute       source D:/Saksham/Programming_stuff/NetSec_Lab/FPGA_proj/poly1305/hls/poly1305/solution1/.autopilot/db/global.setting.tcl 
Execute       source D:/Saksham/Programming_stuff/NetSec_Lab/FPGA_proj/poly1305/hls/poly1305/solution1/.autopilot/db/poly1305_hw.compgen.tcl 
Execute         ap_part_info -name xc7vx485t-ffg1157-1 -data names -quiet 
Execute         ap_part_info -name xc7vx485t-ffg1157-1 -data info -quiet 
Execute         ap_part_info -name xc7vx485t-ffg1157-1 -data info 
Execute         ap_part_info -name xc7vx485t-ffg1157-1 -data names -quiet 
Execute         ap_part_info -name xc7vx485t-ffg1157-1 -data info -quiet 
INFO: [RTMG 210-279] Implementing memory 'poly1305_hw_arr2_rom' using distributed ROMs.
Execute         ap_part_info -name xc7vx485t-ffg1157-1 -data names -quiet 
Execute         ap_part_info -name xc7vx485t-ffg1157-1 -data info -quiet 
Execute         ap_part_info -name xc7vx485t-ffg1157-1 -data names -quiet 
Execute         ap_part_info -name xc7vx485t-ffg1157-1 -data info -quiet 
INFO: [RTMG 210-278] Implementing memory 'poly1305_hw_key_ram (RAM)' using distributed RAMs.
Execute         ap_part_info -name xc7vx485t-ffg1157-1 -data names -quiet 
Execute         ap_part_info -name xc7vx485t-ffg1157-1 -data info -quiet 
INFO: [RTMG 210-278] Implementing memory 'poly1305_hw_text_ram (RAM)' using block RAMs.
Execute         ap_part_info -name xc7vx485t-ffg1157-1 -data names -quiet 
Execute         ap_part_info -name xc7vx485t-ffg1157-1 -data info -quiet 
INFO: [RTMG 210-278] Implementing memory 'poly1305_hw_r_ram (RAM)' using block RAMs.
Execute         ap_part_info -name xc7vx485t-ffg1157-1 -data names -quiet 
Execute         ap_part_info -name xc7vx485t-ffg1157-1 -data info -quiet 
INFO: [RTMG 210-278] Implementing memory 'poly1305_hw_s_ram (RAM)' using distributed RAMs.
Execute         ap_part_info -name xc7vx485t-ffg1157-1 -data names -quiet 
Execute         ap_part_info -name xc7vx485t-ffg1157-1 -data info -quiet 
INFO: [RTMG 210-278] Implementing memory 'poly1305_hw_acc_ram (RAM)' using distributed RAMs.
Execute         ap_part_info -name xc7vx485t-ffg1157-1 -data names -quiet 
Execute         ap_part_info -name xc7vx485t-ffg1157-1 -data info -quiet 
INFO: [RTMG 210-278] Implementing memory 'poly1305_hw_mul_ram (RAM)' using block RAMs.
Execute         ap_part_info -name xc7vx485t-ffg1157-1 -data names -quiet 
Execute         ap_part_info -name xc7vx485t-ffg1157-1 -data info -quiet 
INFO: [RTMG 210-278] Implementing memory 'poly1305_hw_arr1_ram (RAM)' using block RAMs.
Execute         ap_part_info -name xc7vx485t-ffg1157-1 -data names -quiet 
Execute         ap_part_info -name xc7vx485t-ffg1157-1 -data info -quiet 
INFO: [RTMG 210-278] Implementing memory 'poly1305_hw_temp_ram (RAM)' using block RAMs.
Execute         ap_part_info -name xc7vx485t-ffg1157-1 -data names -quiet 
Execute         ap_part_info -name xc7vx485t-ffg1157-1 -data info -quiet 
INFO: [RTMG 210-278] Implementing memory 'poly1305_hw_fullArr_ram (RAM)' using distributed RAMs.
Execute         ap_part_info -name xc7vx485t-ffg1157-1 -data names -quiet 
Execute         ap_part_info -name xc7vx485t-ffg1157-1 -data info -quiet 
Command       ap_source done; 0.29 sec.
INFO-FLOW: DBG:CMD:     auto_generate -export -impltomg_flag -rtl both -tool Vivado -pcore_version 1.00.a -phase csynth_design -d D:/Saksham/Programming_stuff/NetSec_Lab/FPGA_proj/poly1305/hls/poly1305/solution1
Execute       source D:/Saksham/Programming_stuff/NetSec_Lab/FPGA_proj/poly1305/hls/poly1305/solution1/.autopilot/db/global.setting.tcl 
INFO-FLOW: DBG:CMD: read_platform_lib D:/Saksham/Programming_stuff/NetSec_Lab/FPGA_proj/poly1305/hls/poly1305/solution1/.autopilot/db/global.setting.tcl
Execute       source E:/Xilinx/Vivado/2019.1/common/technology/generic/autopilot/common.gen 
Execute         source E:/Xilinx/Vivado/2019.1/common/technology/generic/autopilot/APCoreGen.gen 
Execute       source E:/Xilinx/Vivado/2019.1/common/technology/generic/autopilot/op.gen 
Execute       source E:/Xilinx/Vivado/2019.1/common/technology/generic/autopilot/op_simcore.gen 
Execute       source E:/Xilinx/Vivado/2019.1/common/technology/generic/autopilot/interface.gen 
Execute       source D:/Saksham/Programming_stuff/NetSec_Lab/FPGA_proj/poly1305/hls/poly1305/solution1/.autopilot/db/global.setting.tcl 
Execute       source E:/Xilinx/Vivado/2019.1/common/technology/xilinx/virtex7/virtex7.gen 
Execute         source E:/Xilinx/Vivado/2019.1/common/technology/xilinx/common/xilinx.gen 
Execute           source E:/Xilinx/Vivado/2019.1/common/technology/xilinx/interface/plb46.gen 
Execute           source E:/Xilinx/Vivado/2019.1/common/technology/xilinx/interface/fsl.gen 
Execute           source E:/Xilinx/Vivado/2019.1/common/technology/xilinx/interface/axi4.gen 
Execute           source E:/Xilinx/Vivado/2019.1/common/technology/xilinx/interface/nativeAXI4.gen 
Execute             source E:/Xilinx/Vivado/2019.1/common/technology/xilinx/interface/saxilite.gen 
Execute             source E:/Xilinx/Vivado/2019.1/common/technology/xilinx/interface/maxi.gen 
Execute           source E:/Xilinx/Vivado/2019.1/common/technology/xilinx/scripts/xilinxcoregen.gen 
Execute           source E:/Xilinx/Vivado/2019.1/common/technology/xilinx/interface/XilEDKCoreGen.gen 
Execute           source E:/Xilinx/Vivado/2019.1/common/technology/xilinx/ip/dds_compiler.gen 
Execute           source E:/Xilinx/Vivado/2019.1/common/technology/xilinx/ip/util.gen 
Execute           source E:/Xilinx/Vivado/2019.1/common/technology/xilinx/ip/xfft.gen 
Execute           source E:/Xilinx/Vivado/2019.1/common/technology/xilinx/ip/xfir.gen 
Execute           source E:/Xilinx/Vivado/2019.1/common/technology/xilinx/common/dsp48.gen 
Command         ap_source done; 0.13 sec.
Command       ap_source done; 0.131 sec.
Execute       source E:/Xilinx/Vivado/2019.1/common/technology/xilinx/virtex7/virtex7_fpv6.gen 
Execute         source E:/Xilinx/Vivado/2019.1/common/technology/xilinx/common/xilinx_fp.gen 
INFO-FLOW: DBG:CMD:       initCTypeInfo top_module=poly1305_hw xml_exists=0
Execute       source D:/Saksham/Programming_stuff/NetSec_Lab/FPGA_proj/poly1305/hls/poly1305/solution1/.autopilot/db/poly1305_hw.rtl_wrap.cfg.tcl 
Execute       source D:/Saksham/Programming_stuff/NetSec_Lab/FPGA_proj/poly1305/hls/poly1305/solution1/.autopilot/db/poly1305_hw.rtl_wrap.cfg.tcl 
Execute       source D:/Saksham/Programming_stuff/NetSec_Lab/FPGA_proj/poly1305/hls/poly1305/solution1/.autopilot/db/poly1305_hw.rtl_wrap.cfg.tcl 
Execute       source D:/Saksham/Programming_stuff/NetSec_Lab/FPGA_proj/poly1305/hls/poly1305/solution1/.autopilot/db/poly1305_hw.tbgen.tcl 
Execute       source D:/Saksham/Programming_stuff/NetSec_Lab/FPGA_proj/poly1305/hls/poly1305/solution1/.autopilot/db/poly1305_hw.tbgen.tcl 
INFO-FLOW: DBG:CMD:       export_impl_rtl
INFO-FLOW: DBG:CMD:       generate_ip_cores sim=0 export=0 expOnly=0 dstVlogDir=impl/.verilog
Execute       source D:/Saksham/Programming_stuff/NetSec_Lab/FPGA_proj/poly1305/hls/poly1305/solution1/.autopilot/db/global.setting.tcl 
Execute       source D:/Saksham/Programming_stuff/NetSec_Lab/FPGA_proj/poly1305/hls/poly1305/solution1/.autopilot/db/poly1305_hw.compgen.tcl 
INFO-FLOW: DBG:CMD:       generate_ip_cores sim=0 export=1 expOnly=1 dstVlogDir=impl/.pcores/verilog
Execute       source D:/Saksham/Programming_stuff/NetSec_Lab/FPGA_proj/poly1305/hls/poly1305/solution1/.autopilot/db/global.setting.tcl 
Execute       source D:/Saksham/Programming_stuff/NetSec_Lab/FPGA_proj/poly1305/hls/poly1305/solution1/.autopilot/db/poly1305_hw.compgen.tcl 
Execute         ap_part_info -name xc7vx485t-ffg1157-1 -data names -quiet 
Execute         ap_part_info -name xc7vx485t-ffg1157-1 -data info -quiet 
Execute         ap_part_info -name xc7vx485t-ffg1157-1 -data names -quiet 
Execute         ap_part_info -name xc7vx485t-ffg1157-1 -data info -quiet 
Execute         ap_part_info -name xc7vx485t-ffg1157-1 -data names -quiet 
Execute         ap_part_info -name xc7vx485t-ffg1157-1 -data info -quiet 
Execute         ap_part_info -name xc7vx485t-ffg1157-1 -data names -quiet 
Execute         ap_part_info -name xc7vx485t-ffg1157-1 -data info -quiet 
Execute         ap_part_info -name xc7vx485t-ffg1157-1 -data names -quiet 
Execute         ap_part_info -name xc7vx485t-ffg1157-1 -data info -quiet 
Execute         ap_part_info -name xc7vx485t-ffg1157-1 -data names -quiet 
Execute         ap_part_info -name xc7vx485t-ffg1157-1 -data info -quiet 
Execute         ap_part_info -name xc7vx485t-ffg1157-1 -data names -quiet 
Execute         ap_part_info -name xc7vx485t-ffg1157-1 -data info -quiet 
Execute         ap_part_info -name xc7vx485t-ffg1157-1 -data names -quiet 
Execute         ap_part_info -name xc7vx485t-ffg1157-1 -data info -quiet 
Execute         ap_part_info -name xc7vx485t-ffg1157-1 -data names -quiet 
Execute         ap_part_info -name xc7vx485t-ffg1157-1 -data info -quiet 
Execute         ap_part_info -name xc7vx485t-ffg1157-1 -data names -quiet 
Execute         ap_part_info -name xc7vx485t-ffg1157-1 -data info -quiet 
Execute         ap_part_info -name xc7vx485t-ffg1157-1 -data names -quiet 
Execute         ap_part_info -name xc7vx485t-ffg1157-1 -data info -quiet 
Execute       ap_part_info -name xc7vx485t-ffg1157-1 -data names -quiet 
Execute       ap_part_info -name xc7vx485t-ffg1157-1 -data info -quiet 
INFO-FLOW: DBG:CMD:       generate_ip_cores sim=0 export=0 expOnly=0 dstVlogDir=impl/.pcores/verilog_sim
Execute       source D:/Saksham/Programming_stuff/NetSec_Lab/FPGA_proj/poly1305/hls/poly1305/solution1/.autopilot/db/global.setting.tcl 
Execute       source D:/Saksham/Programming_stuff/NetSec_Lab/FPGA_proj/poly1305/hls/poly1305/solution1/.autopilot/db/poly1305_hw.compgen.tcl 
Execute       ap_part_info -name xc7vx485t-ffg1157-1 -data names -quiet 
Execute       ap_part_info -name xc7vx485t-ffg1157-1 -data info -quiet 
Execute       ap_part_info -name xc7vx485t-ffg1157-1 -data names -quiet 
Execute       ap_part_info -name xc7vx485t-ffg1157-1 -data info -quiet 
Execute       source D:/Saksham/Programming_stuff/NetSec_Lab/FPGA_proj/poly1305/hls/poly1305/solution1/.autopilot/db/global.setting.tcl 
Execute       ap_part_info -name xc7vx485t-ffg1157-1 -data names -quiet 
Execute       ap_part_info -name xc7vx485t-ffg1157-1 -data info -quiet 
Execute       source D:/Saksham/Programming_stuff/NetSec_Lab/FPGA_proj/poly1305/hls/poly1305/solution1/.autopilot/db/poly1305_hw.constraint.tcl 
Execute       source D:/Saksham/Programming_stuff/NetSec_Lab/FPGA_proj/poly1305/hls/poly1305/solution1/.autopilot/db/poly1305_hw.tbgen.tcl 
INFO-FLOW: DBG:CMD:       hasPcoreIpAdapter=false #gSsdmPorts=10
INFO-FLOW: DBG:CMD: Skipping loadAnalyze_DB, #g_database=4
INFO-FLOW: DBG:CMD:       generate_json is_phase_csynth=1 g_has_adaptors=false generate_bd_files=0 #modelList=12 #gSsdmPorts=10
Execute       source E:/Xilinx/Vivado/2019.1/tps/tcl/tcllib1.11.1/fileutil/fileutil.tcl 
Execute         source E:/Xilinx/Vivado/2019.1/tps/tcl/tcllib1.11.1/cmdline/cmdline.tcl 
Execute       source D:/Saksham/Programming_stuff/NetSec_Lab/FPGA_proj/poly1305/hls/poly1305/solution1/.autopilot/db/global.setting.tcl 
Execute       source D:/Saksham/Programming_stuff/NetSec_Lab/FPGA_proj/poly1305/hls/poly1305/solution1/.autopilot/db/global.setting.tcl 
Execute       get_config_export -xo 
Execute       source D:/Saksham/Programming_stuff/NetSec_Lab/FPGA_proj/poly1305/hls/poly1305/solution1/.autopilot/db/poly1305_hw.tbgen.tcl 
Execute       source D:/Saksham/Programming_stuff/NetSec_Lab/FPGA_proj/poly1305/hls/poly1305/solution1/.autopilot/db/poly1305_hw.tbgen.tcl 
Execute       source D:/Saksham/Programming_stuff/NetSec_Lab/FPGA_proj/poly1305/hls/poly1305/solution1/.autopilot/db/poly1305_hw.tbgen.tcl 
Execute       source D:/Saksham/Programming_stuff/NetSec_Lab/FPGA_proj/poly1305/hls/poly1305/solution1/.autopilot/db/poly1305_hw.tbgen.tcl 
Execute       source D:/Saksham/Programming_stuff/NetSec_Lab/FPGA_proj/poly1305/hls/poly1305/solution1/.autopilot/db/global.setting.tcl 
Execute       get_config_sdx -target 
Execute       source D:/Saksham/Programming_stuff/NetSec_Lab/FPGA_proj/poly1305/hls/poly1305/solution1/.autopilot/db/poly1305_hw.rtl_wrap.cfg.tcl 
Execute       source D:/Saksham/Programming_stuff/NetSec_Lab/FPGA_proj/poly1305/hls/poly1305/solution1/.autopilot/db/poly1305_hw.compgen.dataonly.tcl 
Execute       source D:/Saksham/Programming_stuff/NetSec_Lab/FPGA_proj/poly1305/hls/poly1305/solution1/.autopilot/db/global.setting.tcl 
Execute       ap_part_info -name xc7vx485t-ffg1157-1 -data names -quiet 
Execute       ap_part_info -name xc7vx485t-ffg1157-1 -data info -quiet 
Execute       source D:/Saksham/Programming_stuff/NetSec_Lab/FPGA_proj/poly1305/hls/poly1305/solution1/.autopilot/db/poly1305_hw.constraint.tcl 
Execute       sc_get_clocks poly1305_hw 
Execute       ap_part_info -name xc7vx485t-ffg1157-1 -data names -quiet 
Execute       ap_part_info -name xc7vx485t-ffg1157-1 -data info -quiet 
Execute       source D:/Saksham/Programming_stuff/NetSec_Lab/FPGA_proj/poly1305/hls/poly1305/solution1/.autopilot/db/global.setting.tcl 
Execute       get_config_debug -directory 
Execute       source D:/Saksham/Programming_stuff/NetSec_Lab/FPGA_proj/poly1305/hls/poly1305/solution1/.autopilot/db/poly1305_hw.tbgen.tcl 
Execute       get_config_sdx -target 
Execute       get_config_sdx -profile 
Execute       get_config_rtl -kernel_profile 
Execute       get_config_rtl -stall_sig_gen 
Execute       get_config_rtl -profile 
INFO-FLOW: DBG:CMD: add_json_sdx_info kernel file does not exist, skipping opencl info: D:/Saksham/Programming_stuff/NetSec_Lab/FPGA_proj/poly1305/hls/poly1305/solution1/.autopilot/db/kernel.internal.xml
INFO-FLOW: DBG:CMD:       delete-temp-dirs (skipped for debug)
INFO: [HLS 200-111] Finished generating all RTL models Time (s): cpu = 00:00:12 ; elapsed = 00:00:34 . Memory (MB): peak = 223.836 ; gain = 132.383
INFO: [VHDL 208-304] Generating VHDL RTL for poly1305_hw.
INFO: [VLOG 209-307] Generating Verilog RTL for poly1305_hw.
Command     autosyn done; 10.344 sec.
Command   csynth_design done; 32.66 sec.
Command ap_source done; 33.917 sec.
Execute cleanup_all 
